{"/home/travis/build/npmtest/node-npmtest-json-api/test.js":{"path":"/home/travis/build/npmtest/node-npmtest-json-api/test.js","s":{"1":2,"2":2,"3":2,"4":2,"5":2,"6":2,"7":2,"8":1,"9":2,"10":2,"11":1,"12":1,"13":1,"14":1,"15":2,"16":2,"17":2,"18":2,"19":1,"20":1,"21":2,"22":2,"23":2,"24":1,"25":1,"26":1,"27":1,"28":1,"29":1,"30":1,"31":1,"32":1,"33":1,"34":1,"35":1,"36":1,"37":1,"38":1,"39":2,"40":2,"41":1,"42":2,"43":2,"44":1,"45":2,"46":2,"47":1,"48":2,"49":2,"50":1,"51":1,"52":1,"53":1,"54":1},"b":{"1":[2,1,1,1],"2":[1,1,1,1],"3":[1,1],"4":[1,1],"5":[1,1],"6":[1,1],"7":[1,1],"8":[1,1],"9":[1,1],"10":[1,1,1],"11":[1,1],"12":[1,1],"13":[1,1],"14":[1,1],"15":[1,1],"16":[1,1],"17":[1,1]},"f":{"1":2,"2":2,"3":2,"4":2,"5":2,"6":1,"7":1,"8":1,"9":2,"10":2,"11":2,"12":2,"13":1},"fnMap":{"1":{"name":"(anonymous_1)","line":12,"loc":{"start":{"line":12,"column":1},"end":{"line":12,"column":13}}},"2":{"name":"(anonymous_2)","line":19,"loc":{"start":{"line":19,"column":5},"end":{"line":19,"column":17}}},"3":{"name":"(anonymous_3)","line":23,"loc":{"start":{"line":23,"column":24},"end":{"line":23,"column":36}}},"4":{"name":"(anonymous_4)","line":61,"loc":{"start":{"line":61,"column":5},"end":{"line":61,"column":17}}},"5":{"name":"(anonymous_5)","line":82,"loc":{"start":{"line":82,"column":5},"end":{"line":82,"column":17}}},"6":{"name":"(anonymous_6)","line":91,"loc":{"start":{"line":91,"column":77},"end":{"line":94,"column":10}}},"7":{"name":"(anonymous_7)","line":112,"loc":{"start":{"line":112,"column":83},"end":{"line":115,"column":10}},"skip":true},"8":{"name":"(anonymous_8)","line":123,"loc":{"start":{"line":123,"column":77},"end":{"line":126,"column":10}},"skip":true},"9":{"name":"(anonymous_9)","line":139,"loc":{"start":{"line":139,"column":12},"end":{"line":139,"column":40}},"skip":true},"10":{"name":"(anonymous_10)","line":147,"loc":{"start":{"line":147,"column":77},"end":{"line":150,"column":10}},"skip":true},"11":{"name":"(anonymous_11)","line":158,"loc":{"start":{"line":158,"column":83},"end":{"line":161,"column":10}},"skip":true},"12":{"name":"(anonymous_12)","line":169,"loc":{"start":{"line":169,"column":79},"end":{"line":172,"column":10}},"skip":true},"13":{"name":"(anonymous_13)","line":180,"loc":{"start":{"line":180,"column":75},"end":{"line":183,"column":10}},"skip":true}},"statementMap":{"1":{"start":{"line":12,"column":0},"end":{"line":195,"column":5}},"2":{"start":{"line":14,"column":4},"end":{"line":14,"column":14}},"3":{"start":{"line":19,"column":4},"end":{"line":56,"column":9}},"4":{"start":{"line":21,"column":8},"end":{"line":21,"column":19}},"5":{"start":{"line":23,"column":8},"end":{"line":35,"column":13}},"6":{"start":{"line":24,"column":12},"end":{"line":34,"column":13}},"7":{"start":{"line":25,"column":16},"end":{"line":28,"column":30}},"8":{"start":{"line":30,"column":16},"end":{"line":33,"column":27}},"9":{"start":{"line":37,"column":8},"end":{"line":39,"column":21}},"10":{"start":{"line":40,"column":8},"end":{"line":53,"column":9}},"11":{"start":{"line":43,"column":12},"end":{"line":46,"column":14}},"12":{"start":{"line":47,"column":12},"end":{"line":47,"column":18}},"13":{"start":{"line":50,"column":12},"end":{"line":51,"column":46}},"14":{"start":{"line":52,"column":12},"end":{"line":52,"column":18}},"15":{"start":{"line":55,"column":8},"end":{"line":55,"column":35}},"16":{"start":{"line":61,"column":4},"end":{"line":63,"column":9}},"17":{"start":{"line":62,"column":8},"end":{"line":62,"column":15}},"18":{"start":{"line":64,"column":4},"end":{"line":77,"column":5}},"19":{"start":{"line":70,"column":8},"end":{"line":70,"column":14}},"20":{"start":{"line":76,"column":8},"end":{"line":76,"column":14}},"21":{"start":{"line":82,"column":4},"end":{"line":84,"column":9}},"22":{"start":{"line":83,"column":8},"end":{"line":83,"column":15}},"23":{"start":{"line":85,"column":4},"end":{"line":194,"column":5}},"24":{"start":{"line":91,"column":8},"end":{"line":99,"column":10}},"25":{"start":{"line":98,"column":12},"end":{"line":98,"column":35}},"26":{"start":{"line":102,"column":8},"end":{"line":104,"column":63}},"27":{"start":{"line":105,"column":8},"end":{"line":105,"column":14}},"28":{"start":{"line":112,"column":8},"end":{"line":121,"column":10},"skip":true},"29":{"start":{"line":119,"column":12},"end":{"line":119,"column":55},"skip":true},"30":{"start":{"line":120,"column":12},"end":{"line":120,"column":48},"skip":true},"31":{"start":{"line":123,"column":8},"end":{"line":136,"column":10},"skip":true},"32":{"start":{"line":130,"column":12},"end":{"line":130,"column":76},"skip":true},"33":{"start":{"line":131,"column":12},"end":{"line":131,"column":73},"skip":true},"34":{"start":{"line":132,"column":12},"end":{"line":132,"column":74},"skip":true},"35":{"start":{"line":133,"column":12},"end":{"line":133,"column":79},"skip":true},"36":{"start":{"line":134,"column":12},"end":{"line":134,"column":25},"skip":true},"37":{"start":{"line":135,"column":12},"end":{"line":135,"column":45},"skip":true},"38":{"start":{"line":138,"column":8},"end":{"line":145,"column":14},"skip":true},"39":{"start":{"line":143,"column":16},"end":{"line":143,"column":29},"skip":true},"40":{"start":{"line":144,"column":16},"end":{"line":144,"column":55},"skip":true},"41":{"start":{"line":147,"column":8},"end":{"line":156,"column":10},"skip":true},"42":{"start":{"line":154,"column":12},"end":{"line":154,"column":25},"skip":true},"43":{"start":{"line":155,"column":12},"end":{"line":155,"column":45},"skip":true},"44":{"start":{"line":158,"column":8},"end":{"line":167,"column":10},"skip":true},"45":{"start":{"line":165,"column":12},"end":{"line":165,"column":25},"skip":true},"46":{"start":{"line":166,"column":12},"end":{"line":166,"column":48},"skip":true},"47":{"start":{"line":169,"column":8},"end":{"line":178,"column":10},"skip":true},"48":{"start":{"line":176,"column":12},"end":{"line":176,"column":25},"skip":true},"49":{"start":{"line":177,"column":12},"end":{"line":177,"column":46},"skip":true},"50":{"start":{"line":180,"column":8},"end":{"line":189,"column":10},"skip":true},"51":{"start":{"line":187,"column":12},"end":{"line":187,"column":94},"skip":true},"52":{"start":{"line":188,"column":12},"end":{"line":188,"column":48},"skip":true},"53":{"start":{"line":192,"column":8},"end":{"line":192,"column":35},"skip":true},"54":{"start":{"line":193,"column":8},"end":{"line":193,"column":14},"skip":true}},"branchMap":{"1":{"line":25,"type":"binary-expr","locations":[{"start":{"line":25,"column":23},"end":{"line":25,"column":62}},{"start":{"line":26,"column":20},"end":{"line":26,"column":70}},{"start":{"line":27,"column":20},"end":{"line":27,"column":71}},{"start":{"line":28,"column":20},"end":{"line":28,"column":29}}]},"2":{"line":30,"type":"binary-expr","locations":[{"start":{"line":30,"column":23},"end":{"line":30,"column":37}},{"start":{"line":31,"column":20},"end":{"line":31,"column":61}},{"start":{"line":32,"column":20},"end":{"line":32,"column":70}},{"start":{"line":33,"column":20},"end":{"line":33,"column":26}}]},"3":{"line":37,"type":"cond-expr","locations":[{"start":{"line":38,"column":14},"end":{"line":38,"column":20}},{"start":{"line":39,"column":14},"end":{"line":39,"column":20}}]},"4":{"line":40,"type":"switch","locations":[{"start":{"line":42,"column":8},"end":{"line":47,"column":18}},{"start":{"line":49,"column":8},"end":{"line":52,"column":18}}]},"5":{"line":44,"type":"binary-expr","locations":[{"start":{"line":44,"column":16},"end":{"line":44,"column":44}},{"start":{"line":44,"column":48},"end":{"line":44,"column":66}}]},"6":{"line":50,"type":"binary-expr","locations":[{"start":{"line":50,"column":21},"end":{"line":50,"column":49}},{"start":{"line":50,"column":53},"end":{"line":50,"column":72}}]},"7":{"line":64,"type":"switch","locations":[{"start":{"line":69,"column":4},"end":{"line":70,"column":14}},{"start":{"line":75,"column":4},"end":{"line":76,"column":14}}]},"8":{"line":85,"type":"switch","locations":[{"start":{"line":90,"column":4},"end":{"line":105,"column":14}},{"start":{"line":111,"column":4},"end":{"line":193,"column":14},"skip":true}]},"9":{"line":91,"type":"binary-expr","locations":[{"start":{"line":91,"column":42},"end":{"line":91,"column":73}},{"start":{"line":91,"column":77},"end":{"line":99,"column":9}}]},"10":{"line":102,"type":"binary-expr","locations":[{"start":{"line":102,"column":18},"end":{"line":102,"column":32}},{"start":{"line":103,"column":12},"end":{"line":103,"column":53}},{"start":{"line":104,"column":12},"end":{"line":104,"column":61}}]},"11":{"line":112,"type":"binary-expr","locations":[{"start":{"line":112,"column":45},"end":{"line":112,"column":79},"skip":true},{"start":{"line":112,"column":83},"end":{"line":121,"column":9},"skip":true}]},"12":{"line":123,"type":"binary-expr","locations":[{"start":{"line":123,"column":42},"end":{"line":123,"column":73},"skip":true},{"start":{"line":123,"column":77},"end":{"line":136,"column":9},"skip":true}]},"13":{"line":138,"type":"binary-expr","locations":[{"start":{"line":138,"column":48},"end":{"line":138,"column":85},"skip":true},{"start":{"line":139,"column":12},"end":{"line":145,"column":13},"skip":true}]},"14":{"line":147,"type":"binary-expr","locations":[{"start":{"line":147,"column":42},"end":{"line":147,"column":73},"skip":true},{"start":{"line":147,"column":77},"end":{"line":156,"column":9},"skip":true}]},"15":{"line":158,"type":"binary-expr","locations":[{"start":{"line":158,"column":45},"end":{"line":158,"column":79},"skip":true},{"start":{"line":158,"column":83},"end":{"line":167,"column":9},"skip":true}]},"16":{"line":169,"type":"binary-expr","locations":[{"start":{"line":169,"column":43},"end":{"line":169,"column":75},"skip":true},{"start":{"line":169,"column":79},"end":{"line":178,"column":9},"skip":true}]},"17":{"line":180,"type":"binary-expr","locations":[{"start":{"line":180,"column":41},"end":{"line":180,"column":71},"skip":true},{"start":{"line":180,"column":75},"end":{"line":189,"column":9},"skip":true}]}},"code":["/* istanbul instrument in package npmtest_json_api */","/*jslint","    bitwise: true,","    browser: true,","    maxerr: 8,","    maxlen: 96,","    node: true,","    nomen: true,","    regexp: true,","    stupid: true","*/","(function () {","    'use strict';","    var local;","","","","    // run shared js-env code - pre-init","    (function () {","        // init local","        local = {};","        // init modeJs","        local.modeJs = (function () {","            try {","                return typeof navigator.userAgent === 'string' &&","                    typeof document.querySelector('body') === 'object' &&","                    typeof XMLHttpRequest.prototype.open === 'function' &&","                    'browser';","            } catch (errorCaughtBrowser) {","                return module.exports &&","                    typeof process.versions.node === 'string' &&","                    typeof require('http').createServer === 'function' &&","                    'node';","            }","        }());","        // init global","        local.global = local.modeJs === 'browser'","            ? window","            : global;","        switch (local.modeJs) {","        // re-init local from window.local","        case 'browser':","            local = local.global.utility2.objectSetDefault(","                local.global.utility2_rollup || local.global.local,","                local.global.utility2","            );","            break;","        // re-init local from example.js","        case 'node':","            local = (local.global.utility2_rollup || require('utility2'))","                .requireExampleJsFromReadme();","            break;","        }","        // export local","        local.global.local = local;","    }());","","","","    // run shared js-env code - function","    (function () {","        return;","    }());","    switch (local.modeJs) {","","","","    // run browser js-env code - function","    case 'browser':","        break;","","","","    // run node js-env code - function","    case 'node':","        break;","    }","","","","    // run shared js-env code - post-init","    (function () {","        return;","    }());","    switch (local.modeJs) {","","","","    // run browser js-env code - post-init","    case 'browser':","        local.testCase_browser_nullCase = local.testCase_browser_nullCase || function (","            options,","            onError","        ) {","        /*","         * this function will test browsers's null-case handling-behavior-behavior","         */","            onError(null, options);","        };","","        // run tests","        local.nop(local.modeTest &&","            document.querySelector('#testRunButton1') &&","            document.querySelector('#testRunButton1').click());","        break;","","","","    // run node js-env code - post-init","    /* istanbul ignore next */","    case 'node':","        local.testCase_buildApidoc_default = local.testCase_buildApidoc_default || function (","            options,","            onError","        ) {","        /*","         * this function will test buildApidoc's default handling-behavior-behavior","         */","            options = { modulePathList: module.paths };","            local.buildApidoc(options, onError);","        };","","        local.testCase_buildApp_default = local.testCase_buildApp_default || function (","            options,","            onError","        ) {","        /*","         * this function will test buildApp's default handling-behavior-behavior","         */","            local.testCase_buildReadme_default(options, local.onErrorThrow);","            local.testCase_buildLib_default(options, local.onErrorThrow);","            local.testCase_buildTest_default(options, local.onErrorThrow);","            local.testCase_buildCustomOrg_default(options, local.onErrorThrow);","            options = [];","            local.buildApp(options, onError);","        };","","        local.testCase_buildCustomOrg_default = local.testCase_buildCustomOrg_default ||","            function (options, onError) {","            /*","             * this function will test buildCustomOrg's default handling-behavior","             */","                options = {};","                local.buildCustomOrg(options, onError);","            };","","        local.testCase_buildLib_default = local.testCase_buildLib_default || function (","            options,","            onError","        ) {","        /*","         * this function will test buildLib's default handling-behavior","         */","            options = {};","            local.buildLib(options, onError);","        };","","        local.testCase_buildReadme_default = local.testCase_buildReadme_default || function (","            options,","            onError","        ) {","        /*","         * this function will test buildReadme's default handling-behavior-behavior","         */","            options = {};","            local.buildReadme(options, onError);","        };","","        local.testCase_buildTest_default = local.testCase_buildTest_default || function (","            options,","            onError","        ) {","        /*","         * this function will test buildTest's default handling-behavior","         */","            options = {};","            local.buildTest(options, onError);","        };","","        local.testCase_webpage_default = local.testCase_webpage_default || function (","            options,","            onError","        ) {","        /*","         * this function will test webpage's default handling-behavior","         */","            options = { modeCoverageMerge: true, url: local.serverLocalHost + '?modeTest=1' };","            local.browserTest(options, onError);","        };","","        // run test-server","        local.testRunServer(local);","        break;","    }","}());",""],"l":{"12":2,"14":2,"19":2,"21":2,"23":2,"24":2,"25":2,"30":1,"37":2,"40":2,"43":1,"47":1,"50":1,"52":1,"55":2,"61":2,"62":2,"64":2,"70":1,"76":1,"82":2,"83":2,"85":2,"91":1,"98":1,"102":1,"105":1,"112":1,"119":1,"120":1,"123":1,"130":1,"131":1,"132":1,"133":1,"134":1,"135":1,"138":1,"143":2,"144":2,"147":1,"154":2,"155":2,"158":1,"165":2,"166":2,"169":1,"176":2,"177":2,"180":1,"187":1,"188":1,"192":1,"193":1}},"/home/travis/build/npmtest/node-npmtest-json-api/lib.npmtest_json_api.js":{"path":"/home/travis/build/npmtest/node-npmtest-json-api/lib.npmtest_json_api.js","s":{"1":2,"2":2,"3":2,"4":2,"5":2,"6":2,"7":2,"8":1,"9":2,"10":2,"11":2,"12":2,"13":1,"14":1,"15":1,"16":1},"b":{"1":[2,1,1,1],"2":[1,1,1,1],"3":[1,1],"4":[2,2],"5":[1,1]},"f":{"1":2,"2":2,"3":2},"fnMap":{"1":{"name":"(anonymous_1)","line":12,"loc":{"start":{"line":12,"column":1},"end":{"line":12,"column":13}}},"2":{"name":"(anonymous_2)","line":19,"loc":{"start":{"line":19,"column":5},"end":{"line":19,"column":17}}},"3":{"name":"(anonymous_3)","line":23,"loc":{"start":{"line":23,"column":24},"end":{"line":23,"column":36}}}},"statementMap":{"1":{"start":{"line":12,"column":0},"end":{"line":53,"column":5}},"2":{"start":{"line":14,"column":4},"end":{"line":14,"column":14}},"3":{"start":{"line":19,"column":4},"end":{"line":52,"column":9}},"4":{"start":{"line":21,"column":8},"end":{"line":21,"column":19}},"5":{"start":{"line":23,"column":8},"end":{"line":35,"column":13}},"6":{"start":{"line":24,"column":12},"end":{"line":34,"column":13}},"7":{"start":{"line":25,"column":16},"end":{"line":28,"column":30}},"8":{"start":{"line":30,"column":16},"end":{"line":33,"column":27}},"9":{"start":{"line":37,"column":8},"end":{"line":39,"column":21}},"10":{"start":{"line":41,"column":8},"end":{"line":41,"column":54}},"11":{"start":{"line":43,"column":8},"end":{"line":43,"column":53}},"12":{"start":{"line":45,"column":8},"end":{"line":51,"column":9}},"13":{"start":{"line":46,"column":12},"end":{"line":46,"column":59}},"14":{"start":{"line":48,"column":12},"end":{"line":48,"column":35}},"15":{"start":{"line":49,"column":12},"end":{"line":49,"column":49}},"16":{"start":{"line":50,"column":12},"end":{"line":50,"column":43}}},"branchMap":{"1":{"line":25,"type":"binary-expr","locations":[{"start":{"line":25,"column":23},"end":{"line":25,"column":62}},{"start":{"line":26,"column":20},"end":{"line":26,"column":70}},{"start":{"line":27,"column":20},"end":{"line":27,"column":71}},{"start":{"line":28,"column":20},"end":{"line":28,"column":29}}]},"2":{"line":30,"type":"binary-expr","locations":[{"start":{"line":30,"column":23},"end":{"line":30,"column":37}},{"start":{"line":31,"column":20},"end":{"line":31,"column":61}},{"start":{"line":32,"column":20},"end":{"line":32,"column":70}},{"start":{"line":33,"column":20},"end":{"line":33,"column":26}}]},"3":{"line":37,"type":"cond-expr","locations":[{"start":{"line":38,"column":14},"end":{"line":38,"column":20}},{"start":{"line":39,"column":14},"end":{"line":39,"column":20}}]},"4":{"line":41,"type":"binary-expr","locations":[{"start":{"line":41,"column":16},"end":{"line":41,"column":44}},{"start":{"line":41,"column":48},"end":{"line":41,"column":53}}]},"5":{"line":45,"type":"if","locations":[{"start":{"line":45,"column":8},"end":{"line":45,"column":8}},{"start":{"line":45,"column":8},"end":{"line":45,"column":8}}]}},"code":["/* istanbul instrument in package npmtest_json_api */","/*jslint","    bitwise: true,","    browser: true,","    maxerr: 8,","    maxlen: 96,","    node: true,","    nomen: true,","    regexp: true,","    stupid: true","*/","(function () {","    'use strict';","    var local;","","","","    // run shared js-env code - pre-init","    (function () {","        // init local","        local = {};","        // init modeJs","        local.modeJs = (function () {","            try {","                return typeof navigator.userAgent === 'string' &&","                    typeof document.querySelector('body') === 'object' &&","                    typeof XMLHttpRequest.prototype.open === 'function' &&","                    'browser';","            } catch (errorCaughtBrowser) {","                return module.exports &&","                    typeof process.versions.node === 'string' &&","                    typeof require('http').createServer === 'function' &&","                    'node';","            }","        }());","        // init global","        local.global = local.modeJs === 'browser'","            ? window","            : global;","        // init utility2_rollup","        local = local.global.utility2_rollup || local;","        // init lib","        local.local = local.npmtest_json_api = local;","        // init exports","        if (local.modeJs === 'browser') {","            local.global.utility2_npmtest_json_api = local;","        } else {","            module.exports = local;","            module.exports.__dirname = __dirname;","            module.exports.module = module;","        }","    }());","}());",""],"l":{"12":2,"14":2,"19":2,"21":2,"23":2,"24":2,"25":2,"30":1,"37":2,"41":2,"43":2,"45":2,"46":1,"48":1,"49":1,"50":1}},"/home/travis/build/npmtest/node-npmtest-json-api/example.js":{"path":"/home/travis/build/npmtest/node-npmtest-json-api/example.js","s":{"1":2,"2":2,"3":2,"4":2,"5":2,"6":2,"7":2,"8":1,"9":2,"10":2,"11":2,"12":2,"13":1,"14":2,"15":2,"16":2,"17":2,"18":2,"19":0,"20":2,"21":1,"22":1,"23":1,"24":1,"25":1,"26":0,"27":0,"28":1,"29":1,"30":2,"31":0,"32":0,"33":0,"34":1,"35":2,"36":2,"37":3,"38":3,"39":3,"40":3,"41":0,"42":3,"43":3,"44":3,"45":1,"46":3,"47":1,"48":1,"49":1,"50":1,"51":1,"52":1,"53":1,"54":1,"55":1,"56":1,"57":0,"58":1,"59":6,"60":6,"61":1,"62":2,"63":0,"64":2,"65":1,"66":1,"67":0,"68":0,"69":0,"70":0,"71":0,"72":0,"73":0,"74":0,"75":0,"76":0,"77":0,"78":0,"79":0,"80":0,"81":0,"82":0,"83":0},"b":{"1":[2,1,1,1],"2":[1,1,1,1],"3":[1,1],"4":[2,2],"5":[1,1],"6":[1,1],"7":[2,0],"8":[2,1,1,1,1,1],"9":[0,2,0],"10":[1,1],"11":[2,1,1],"12":[1,0],"13":[0,2],"14":[2,0,0,0,0,0,0],"15":[0,3],"16":[3,0],"17":[1,1],"18":[0,1],"19":[1,2,0,2],"20":[1,0],"21":[1,1],"22":[0,0],"23":[0,0],"24":[0,0],"25":[0,0],"26":[0,0],"27":[0,0],"28":[0,0]},"f":{"1":2,"2":2,"3":2,"4":2,"5":2,"6":2,"7":3,"8":3,"9":3,"10":1,"11":6,"12":0},"fnMap":{"1":{"name":"(anonymous_1)","line":26,"loc":{"start":{"line":26,"column":1},"end":{"line":26,"column":13}}},"2":{"name":"(anonymous_2)","line":33,"loc":{"start":{"line":33,"column":5},"end":{"line":33,"column":17}}},"3":{"name":"(anonymous_3)","line":37,"loc":{"start":{"line":37,"column":24},"end":{"line":37,"column":36}}},"4":{"name":"(anonymous_4)","line":69,"loc":{"start":{"line":69,"column":31},"end":{"line":69,"column":48}},"skip":true},"5":{"name":"(anonymous_5)","line":78,"loc":{"start":{"line":78,"column":26},"end":{"line":78,"column":45}},"skip":true},"6":{"name":"(anonymous_6)","line":123,"loc":{"start":{"line":123,"column":33},"end":{"line":123,"column":48}},"skip":true},"7":{"name":"(anonymous_7)","line":125,"loc":{"start":{"line":125,"column":27},"end":{"line":125,"column":39}},"skip":true},"8":{"name":"(anonymous_8)","line":133,"loc":{"start":{"line":133,"column":59},"end":{"line":133,"column":74}},"skip":true},"9":{"name":"(anonymous_9)","line":143,"loc":{"start":{"line":143,"column":45},"end":{"line":143,"column":62}},"skip":true},"10":{"name":"(anonymous_10)","line":144,"loc":{"start":{"line":144,"column":73},"end":{"line":144,"column":92}},"skip":true},"11":{"name":"(anonymous_11)","line":272,"loc":{"start":{"line":272,"column":51},"end":{"line":272,"column":77}},"skip":true},"12":{"name":"(anonymous_12)","line":315,"loc":{"start":{"line":315,"column":32},"end":{"line":315,"column":61}},"skip":true}},"statementMap":{"1":{"start":{"line":26,"column":0},"end":{"line":326,"column":5}},"2":{"start":{"line":28,"column":4},"end":{"line":28,"column":14}},"3":{"start":{"line":33,"column":4},"end":{"line":60,"column":9}},"4":{"start":{"line":35,"column":8},"end":{"line":35,"column":19}},"5":{"start":{"line":37,"column":8},"end":{"line":49,"column":13}},"6":{"start":{"line":38,"column":12},"end":{"line":48,"column":13}},"7":{"start":{"line":39,"column":16},"end":{"line":42,"column":30}},"8":{"start":{"line":44,"column":16},"end":{"line":47,"column":27}},"9":{"start":{"line":51,"column":8},"end":{"line":53,"column":21}},"10":{"start":{"line":55,"column":8},"end":{"line":57,"column":45}},"11":{"start":{"line":59,"column":8},"end":{"line":59,"column":35}},"12":{"start":{"line":61,"column":4},"end":{"line":325,"column":5}},"13":{"start":{"line":69,"column":8},"end":{"line":121,"column":10},"skip":true},"14":{"start":{"line":70,"column":12},"end":{"line":88,"column":13},"skip":true},"15":{"start":{"line":76,"column":16},"end":{"line":87,"column":19},"skip":true},"16":{"start":{"line":79,"column":20},"end":{"line":86,"column":21},"skip":true},"17":{"start":{"line":82,"column":24},"end":{"line":82,"column":43},"skip":true},"18":{"start":{"line":83,"column":24},"end":{"line":83,"column":30},"skip":true},"19":{"start":{"line":85,"column":24},"end":{"line":85,"column":49},"skip":true},"20":{"start":{"line":89,"column":12},"end":{"line":107,"column":13},"skip":true},"21":{"start":{"line":92,"column":16},"end":{"line":102,"column":17},"skip":true},"22":{"start":{"line":93,"column":20},"end":{"line":93,"column":86},"skip":true},"23":{"start":{"line":94,"column":20},"end":{"line":95,"column":45},"skip":true},"24":{"start":{"line":96,"column":20},"end":{"line":96,"column":42},"skip":true},"25":{"start":{"line":97,"column":20},"end":{"line":97,"column":48},"skip":true},"26":{"start":{"line":100,"column":20},"end":{"line":100,"column":85},"skip":true},"27":{"start":{"line":101,"column":20},"end":{"line":101,"column":96},"skip":true},"28":{"start":{"line":103,"column":16},"end":{"line":103,"column":22},"skip":true},"29":{"start":{"line":106,"column":16},"end":{"line":106,"column":22},"skip":true},"30":{"start":{"line":108,"column":12},"end":{"line":120,"column":13},"skip":true},"31":{"start":{"line":114,"column":16},"end":{"line":119,"column":17},"skip":true},"32":{"start":{"line":116,"column":20},"end":{"line":116,"column":78},"skip":true},"33":{"start":{"line":118,"column":20},"end":{"line":118,"column":47},"skip":true},"34":{"start":{"line":123,"column":8},"end":{"line":141,"column":11},"skip":true},"35":{"start":{"line":124,"column":12},"end":{"line":124,"column":54},"skip":true},"36":{"start":{"line":125,"column":12},"end":{"line":140,"column":14},"skip":true},"37":{"start":{"line":126,"column":16},"end":{"line":126,"column":28},"skip":true},"38":{"start":{"line":127,"column":16},"end":{"line":127,"column":69},"skip":true},"39":{"start":{"line":128,"column":16},"end":{"line":128,"column":75},"skip":true},"40":{"start":{"line":129,"column":16},"end":{"line":131,"column":17},"skip":true},"41":{"start":{"line":130,"column":20},"end":{"line":130,"column":27},"skip":true},"42":{"start":{"line":133,"column":16},"end":{"line":137,"column":36},"skip":true},"43":{"start":{"line":134,"column":20},"end":{"line":136,"column":55},"skip":true},"44":{"start":{"line":139,"column":16},"end":{"line":139,"column":57},"skip":true},"45":{"start":{"line":143,"column":8},"end":{"line":147,"column":11},"skip":true},"46":{"start":{"line":144,"column":12},"end":{"line":146,"column":15},"skip":true},"47":{"start":{"line":145,"column":16},"end":{"line":145,"column":70},"skip":true},"48":{"start":{"line":149,"column":8},"end":{"line":149,"column":31},"skip":true},"49":{"start":{"line":150,"column":8},"end":{"line":150,"column":14},"skip":true},"50":{"start":{"line":158,"column":8},"end":{"line":158,"column":31},"skip":true},"51":{"start":{"line":160,"column":8},"end":{"line":160,"column":33},"skip":true},"52":{"start":{"line":161,"column":8},"end":{"line":161,"column":37},"skip":true},"53":{"start":{"line":162,"column":8},"end":{"line":162,"column":35},"skip":true},"54":{"start":{"line":164,"column":8},"end":{"line":164,"column":50},"skip":true},"55":{"start":{"line":166,"column":8},"end":{"line":256,"column":2},"skip":true},"56":{"start":{"line":258,"column":8},"end":{"line":286,"column":9},"skip":true},"57":{"start":{"line":259,"column":12},"end":{"line":269,"column":14},"skip":true},"58":{"start":{"line":271,"column":12},"end":{"line":285,"column":19},"skip":true},"59":{"start":{"line":274,"column":20},"end":{"line":274,"column":35},"skip":true},"60":{"start":{"line":275,"column":20},"end":{"line":284,"column":21},"skip":true},"61":{"start":{"line":277,"column":24},"end":{"line":277,"column":64},"skip":true},"62":{"start":{"line":279,"column":24},"end":{"line":279,"column":40},"skip":true},"63":{"start":{"line":281,"column":24},"end":{"line":281,"column":40},"skip":true},"64":{"start":{"line":283,"column":24},"end":{"line":283,"column":39},"skip":true},"65":{"start":{"line":288,"column":8},"end":{"line":290,"column":9},"skip":true},"66":{"start":{"line":289,"column":12},"end":{"line":289,"column":18},"skip":true},"67":{"start":{"line":291,"column":8},"end":{"line":293,"column":54},"skip":true},"68":{"start":{"line":296,"column":8},"end":{"line":301,"column":37},"skip":true},"69":{"start":{"line":303,"column":8},"end":{"line":303,"column":82},"skip":true},"70":{"start":{"line":306,"column":8},"end":{"line":308,"column":9},"skip":true},"71":{"start":{"line":307,"column":12},"end":{"line":307,"column":82},"skip":true},"72":{"start":{"line":310,"column":8},"end":{"line":312,"column":9},"skip":true},"73":{"start":{"line":311,"column":12},"end":{"line":311,"column":18},"skip":true},"74":{"start":{"line":313,"column":8},"end":{"line":313,"column":54},"skip":true},"75":{"start":{"line":314,"column":8},"end":{"line":314,"column":69},"skip":true},"76":{"start":{"line":315,"column":8},"end":{"line":323,"column":36},"skip":true},"77":{"start":{"line":316,"column":12},"end":{"line":316,"column":61},"skip":true},"78":{"start":{"line":317,"column":12},"end":{"line":320,"column":13},"skip":true},"79":{"start":{"line":318,"column":16},"end":{"line":318,"column":75},"skip":true},"80":{"start":{"line":319,"column":16},"end":{"line":319,"column":23},"skip":true},"81":{"start":{"line":321,"column":12},"end":{"line":321,"column":38},"skip":true},"82":{"start":{"line":322,"column":12},"end":{"line":322,"column":27},"skip":true},"83":{"start":{"line":324,"column":8},"end":{"line":324,"column":14},"skip":true}},"branchMap":{"1":{"line":39,"type":"binary-expr","locations":[{"start":{"line":39,"column":23},"end":{"line":39,"column":62}},{"start":{"line":40,"column":20},"end":{"line":40,"column":70}},{"start":{"line":41,"column":20},"end":{"line":41,"column":71}},{"start":{"line":42,"column":20},"end":{"line":42,"column":29}}]},"2":{"line":44,"type":"binary-expr","locations":[{"start":{"line":44,"column":23},"end":{"line":44,"column":37}},{"start":{"line":45,"column":20},"end":{"line":45,"column":61}},{"start":{"line":46,"column":20},"end":{"line":46,"column":70}},{"start":{"line":47,"column":20},"end":{"line":47,"column":26}}]},"3":{"line":51,"type":"cond-expr","locations":[{"start":{"line":52,"column":14},"end":{"line":52,"column":20}},{"start":{"line":53,"column":14},"end":{"line":53,"column":20}}]},"4":{"line":55,"type":"binary-expr","locations":[{"start":{"line":55,"column":16},"end":{"line":55,"column":44}},{"start":{"line":55,"column":49},"end":{"line":57,"column":43}}]},"5":{"line":55,"type":"cond-expr","locations":[{"start":{"line":56,"column":14},"end":{"line":56,"column":52}},{"start":{"line":57,"column":14},"end":{"line":57,"column":43}}]},"6":{"line":61,"type":"switch","locations":[{"start":{"line":68,"column":4},"end":{"line":150,"column":14},"skip":true},{"start":{"line":156,"column":4},"end":{"line":324,"column":14},"skip":true}]},"7":{"line":70,"type":"if","locations":[{"start":{"line":70,"column":12},"end":{"line":70,"column":12},"skip":true},{"start":{"line":70,"column":12},"end":{"line":70,"column":12},"skip":true}]},"8":{"line":70,"type":"binary-expr","locations":[{"start":{"line":70,"column":16},"end":{"line":70,"column":22},"skip":true},{"start":{"line":70,"column":27},"end":{"line":70,"column":32},"skip":true},{"start":{"line":71,"column":20},"end":{"line":71,"column":39},"skip":true},{"start":{"line":72,"column":20},"end":{"line":72,"column":49},"skip":true},{"start":{"line":73,"column":20},"end":{"line":73,"column":58},"skip":true},{"start":{"line":74,"column":20},"end":{"line":74,"column":69},"skip":true}]},"9":{"line":79,"type":"switch","locations":[{"start":{"line":80,"column":20},"end":{"line":80,"column":33},"skip":true},{"start":{"line":81,"column":20},"end":{"line":83,"column":30},"skip":true},{"start":{"line":84,"column":20},"end":{"line":85,"column":49},"skip":true}]},"10":{"line":89,"type":"switch","locations":[{"start":{"line":90,"column":12},"end":{"line":103,"column":22},"skip":true},{"start":{"line":105,"column":12},"end":{"line":106,"column":22},"skip":true}]},"11":{"line":89,"type":"binary-expr","locations":[{"start":{"line":89,"column":20},"end":{"line":89,"column":25},"skip":true},{"start":{"line":89,"column":29},"end":{"line":89,"column":48},"skip":true},{"start":{"line":89,"column":52},"end":{"line":89,"column":74},"skip":true}]},"12":{"line":92,"type":"if","locations":[{"start":{"line":92,"column":16},"end":{"line":92,"column":16},"skip":true},{"start":{"line":92,"column":16},"end":{"line":92,"column":16},"skip":true}]},"13":{"line":108,"type":"if","locations":[{"start":{"line":108,"column":12},"end":{"line":108,"column":12},"skip":true},{"start":{"line":108,"column":12},"end":{"line":108,"column":12},"skip":true}]},"14":{"line":108,"type":"binary-expr","locations":[{"start":{"line":108,"column":16},"end":{"line":108,"column":61},"skip":true},{"start":{"line":108,"column":66},"end":{"line":108,"column":72},"skip":true},{"start":{"line":108,"column":77},"end":{"line":108,"column":82},"skip":true},{"start":{"line":109,"column":20},"end":{"line":109,"column":39},"skip":true},{"start":{"line":110,"column":20},"end":{"line":110,"column":49},"skip":true},{"start":{"line":111,"column":20},"end":{"line":111,"column":58},"skip":true},{"start":{"line":112,"column":20},"end":{"line":112,"column":68},"skip":true}]},"15":{"line":129,"type":"if","locations":[{"start":{"line":129,"column":16},"end":{"line":129,"column":16},"skip":true},{"start":{"line":129,"column":16},"end":{"line":129,"column":16},"skip":true}]},"16":{"line":134,"type":"cond-expr","locations":[{"start":{"line":135,"column":26},"end":{"line":135,"column":29},"skip":true},{"start":{"line":136,"column":26},"end":{"line":136,"column":54},"skip":true}]},"17":{"line":164,"type":"binary-expr","locations":[{"start":{"line":164,"column":27},"end":{"line":164,"column":43},"skip":true},{"start":{"line":164,"column":47},"end":{"line":164,"column":49},"skip":true}]},"18":{"line":258,"type":"if","locations":[{"start":{"line":258,"column":8},"end":{"line":258,"column":8},"skip":true},{"start":{"line":258,"column":8},"end":{"line":258,"column":8},"skip":true}]},"19":{"line":275,"type":"switch","locations":[{"start":{"line":276,"column":20},"end":{"line":277,"column":64},"skip":true},{"start":{"line":278,"column":20},"end":{"line":279,"column":40},"skip":true},{"start":{"line":280,"column":20},"end":{"line":281,"column":40},"skip":true},{"start":{"line":282,"column":20},"end":{"line":283,"column":39},"skip":true}]},"20":{"line":288,"type":"if","locations":[{"start":{"line":288,"column":8},"end":{"line":288,"column":8},"skip":true},{"start":{"line":288,"column":8},"end":{"line":288,"column":8},"skip":true}]},"21":{"line":288,"type":"binary-expr","locations":[{"start":{"line":288,"column":12},"end":{"line":288,"column":40},"skip":true},{"start":{"line":288,"column":44},"end":{"line":288,"column":67},"skip":true}]},"22":{"line":292,"type":"binary-expr","locations":[{"start":{"line":292,"column":12},"end":{"line":292,"column":50},"skip":true},{"start":{"line":293,"column":12},"end":{"line":293,"column":53},"skip":true}]},"23":{"line":297,"type":"binary-expr","locations":[{"start":{"line":297,"column":12},"end":{"line":297,"column":66},"skip":true},{"start":{"line":298,"column":12},"end":{"line":301,"column":36},"skip":true}]},"24":{"line":303,"type":"binary-expr","locations":[{"start":{"line":303,"column":43},"end":{"line":303,"column":75},"skip":true},{"start":{"line":303,"column":79},"end":{"line":303,"column":81},"skip":true}]},"25":{"line":306,"type":"if","locations":[{"start":{"line":306,"column":8},"end":{"line":306,"column":8},"skip":true},{"start":{"line":306,"column":8},"end":{"line":306,"column":8},"skip":true}]},"26":{"line":310,"type":"if","locations":[{"start":{"line":310,"column":8},"end":{"line":310,"column":8},"skip":true},{"start":{"line":310,"column":8},"end":{"line":310,"column":8},"skip":true}]},"27":{"line":313,"type":"binary-expr","locations":[{"start":{"line":313,"column":27},"end":{"line":313,"column":43},"skip":true},{"start":{"line":313,"column":47},"end":{"line":313,"column":53},"skip":true}]},"28":{"line":317,"type":"if","locations":[{"start":{"line":317,"column":12},"end":{"line":317,"column":12},"skip":true},{"start":{"line":317,"column":12},"end":{"line":317,"column":12},"skip":true}]}},"code":["/*","example.js","","quickstart example","","instruction","    1. save this script as example.js","    2. run the shell command:","        $ npm install npmtest-json-api && PORT=8081 node example.js","    3. play with the browser-demo on http://127.0.0.1:8081","*/","","","","/* istanbul instrument in package npmtest_json_api */","/*jslint","    bitwise: true,","    browser: true,","    maxerr: 8,","    maxlen: 96,","    node: true,","    nomen: true,","    regexp: true,","    stupid: true","*/","(function () {","    'use strict';","    var local;","","","","    // run shared js-env code - pre-init","    (function () {","        // init local","        local = {};","        // init modeJs","        local.modeJs = (function () {","            try {","                return typeof navigator.userAgent === 'string' &&","                    typeof document.querySelector('body') === 'object' &&","                    typeof XMLHttpRequest.prototype.open === 'function' &&","                    'browser';","            } catch (errorCaughtBrowser) {","                return module.exports &&","                    typeof process.versions.node === 'string' &&","                    typeof require('http').createServer === 'function' &&","                    'node';","            }","        }());","        // init global","        local.global = local.modeJs === 'browser'","            ? window","            : global;","        // init utility2_rollup","        local = local.global.utility2_rollup || (local.modeJs === 'browser'","            ? local.global.utility2_npmtest_json_api","            : global.utility2_moduleExports);","        // export local","        local.global.local = local;","    }());","    switch (local.modeJs) {","","","","    // post-init","    // run browser js-env code - post-init","    /* istanbul ignore next */","    case 'browser':","        local.testRunBrowser = function (event) {","            if (!event || (event &&","                    event.currentTarget &&","                    event.currentTarget.className &&","                    event.currentTarget.className.includes &&","                    event.currentTarget.className.includes('onreset'))) {","                // reset output","                Array.from(","                    document.querySelectorAll('body > .resettable')","                ).forEach(function (element) {","                    switch (element.tagName) {","                    case 'INPUT':","                    case 'TEXTAREA':","                        element.value = '';","                        break;","                    default:","                        element.textContent = '';","                    }","                });","            }","            switch (event && event.currentTarget && event.currentTarget.id) {","            case 'testRunButton1':","                // show tests","                if (document.querySelector('#testReportDiv1').style.display === 'none') {","                    document.querySelector('#testReportDiv1').style.display = 'block';","                    document.querySelector('#testRunButton1').textContent =","                        'hide internal test';","                    local.modeTest = true;","                    local.testRunDefault(local);","                // hide tests","                } else {","                    document.querySelector('#testReportDiv1').style.display = 'none';","                    document.querySelector('#testRunButton1').textContent = 'run internal test';","                }","                break;","            // custom-case","            default:","                break;","            }","            if (document.querySelector('#inputTextareaEval1') && (!event || (event &&","                    event.currentTarget &&","                    event.currentTarget.className &&","                    event.currentTarget.className.includes &&","                    event.currentTarget.className.includes('oneval')))) {","                // try to eval input-code","                try {","                    /*jslint evil: true*/","                    eval(document.querySelector('#inputTextareaEval1').value);","                } catch (errorCaught) {","                    console.error(errorCaught);","                }","            }","        };","        // log stderr and stdout to #outputTextareaStdout1","        ['error', 'log'].forEach(function (key) {","            console[key + '_original'] = console[key];","            console[key] = function () {","                var element;","                console[key + '_original'].apply(console, arguments);","                element = document.querySelector('#outputTextareaStdout1');","                if (!element) {","                    return;","                }","                // append text to #outputTextareaStdout1","                element.value += Array.from(arguments).map(function (arg) {","                    return typeof arg === 'string'","                        ? arg","                        : JSON.stringify(arg, null, 4);","                }).join(' ') + '\\n';","                // scroll textarea to bottom","                element.scrollTop = element.scrollHeight;","            };","        });","        // init event-handling","        ['change', 'click', 'keyup'].forEach(function (event) {","            Array.from(document.querySelectorAll('.on' + event)).forEach(function (element) {","                element.addEventListener(event, local.testRunBrowser);","            });","        });","        // run tests","        local.testRunBrowser();","        break;","","","","    // run node js-env code - post-init","    /* istanbul ignore next */","    case 'node':","        // export local","        module.exports = local;","        // require modules","        local.fs = require('fs');","        local.http = require('http');","        local.url = require('url');","        // init assets","        local.assetsDict = local.assetsDict || {};","        /* jslint-ignore-begin */","        local.assetsDict['/assets.index.template.html'] = '\\","<!doctype html>\\n\\","<html lang=\"en\">\\n\\","<head>\\n\\","<meta charset=\"UTF-8\">\\n\\","<meta name=\"viewport\" content=\"width=device-width, initial-scale=1\">\\n\\","<title>{{env.npm_package_name}} (v{{env.npm_package_version}})</title>\\n\\","<style>\\n\\","/*csslint\\n\\","    box-sizing: false,\\n\\","    universal-selector: false\\n\\","*/\\n\\","* {\\n\\","    box-sizing: border-box;\\n\\","}\\n\\","body {\\n\\","    background: #dde;\\n\\","    font-family: Arial, Helvetica, sans-serif;\\n\\","    margin: 2rem;\\n\\","}\\n\\","body > * {\\n\\","    margin-bottom: 1rem;\\n\\","}\\n\\",".utility2FooterDiv {\\n\\","    margin-top: 20px;\\n\\","    text-align: center;\\n\\","}\\n\\","</style>\\n\\","<style>\\n\\","/*csslint\\n\\","*/\\n\\","textarea {\\n\\","    font-family: monospace;\\n\\","    height: 10rem;\\n\\","    width: 100%;\\n\\","}\\n\\","textarea[readonly] {\\n\\","    background: #ddd;\\n\\","}\\n\\","</style>\\n\\","</head>\\n\\","<body>\\n\\","<!-- utility2-comment\\n\\","<div id=\"ajaxProgressDiv1\" style=\"background: #d00; height: 2px; left: 0; margin: 0; padding: 0; position: fixed; top: 0; transition: background 0.5s, width 1.5s; width: 25%;\"></div>\\n\\","utility2-comment -->\\n\\","<h1>\\n\\","<!-- utility2-comment\\n\\","    <a\\n\\","        {{#if env.npm_package_homepage}}\\n\\","        href=\"{{env.npm_package_homepage}}\"\\n\\","        {{/if env.npm_package_homepage}}\\n\\","        target=\"_blank\"\\n\\","    >\\n\\","utility2-comment -->\\n\\","        {{env.npm_package_name}} (v{{env.npm_package_version}})\\n\\","<!-- utility2-comment\\n\\","    </a>\\n\\","utility2-comment -->\\n\\","</h1>\\n\\","<h3>{{env.npm_package_description}}</h3>\\n\\","<!-- utility2-comment\\n\\","<h4><a download href=\"assets.app.js\">download standalone app</a></h4>\\n\\","<button class=\"onclick onreset\" id=\"testRunButton1\">run internal test</button><br>\\n\\","<div id=\"testReportDiv1\" style=\"display: none;\"></div>\\n\\","utility2-comment -->\\n\\","\\n\\","\\n\\","\\n\\","<label>stderr and stdout</label>\\n\\","<textarea class=\"resettable\" id=\"outputTextareaStdout1\" readonly></textarea>\\n\\","<!-- utility2-comment\\n\\","{{#if isRollup}}\\n\\","<script src=\"assets.app.js\"></script>\\n\\","{{#unless isRollup}}\\n\\","utility2-comment -->\\n\\","<script src=\"assets.utility2.rollup.js\"></script>\\n\\","<script src=\"jsonp.utility2._stateInit?callback=window.utility2._stateInit\"></script>\\n\\","<script src=\"assets.npmtest_json_api.rollup.js\"></script>\\n\\","<script src=\"assets.example.js\"></script>\\n\\","<script src=\"assets.test.js\"></script>\\n\\","<!-- utility2-comment\\n\\","{{/if isRollup}}\\n\\","utility2-comment -->\\n\\","<div class=\"utility2FooterDiv\">\\n\\","    [ this app was created with\\n\\","    <a href=\"https://github.com/kaizhu256/node-utility2\" target=\"_blank\">utility2</a>\\n\\","    ]\\n\\","</div>\\n\\","</body>\\n\\","</html>\\n\\","';","        /* jslint-ignore-end */","        if (local.templateRender) {","            local.assetsDict['/'] = local.templateRender(","                local.assetsDict['/assets.index.template.html'],","                {","                    env: local.objectSetDefault(local.env, {","                        npm_package_description: 'the greatest app in the world!',","                        npm_package_name: 'my-app',","                        npm_package_nameAlias: 'my_app',","                        npm_package_version: '0.0.1'","                    })","                }","            );","        } else {","            local.assetsDict['/'] = local.assetsDict['/assets.index.template.html']","                .replace((/\\{\\{env\\.(\\w+?)\\}\\}/g), function (match0, match1) {","                    // jslint-hack","                    String(match0);","                    switch (match1) {","                    case 'npm_package_description':","                        return 'the greatest app in the world!';","                    case 'npm_package_name':","                        return 'my-app';","                    case 'npm_package_nameAlias':","                        return 'my_app';","                    case 'npm_package_version':","                        return '0.0.1';","                    }","                });","        }","        // run the cli","        if (local.global.utility2_rollup || module !== require.main) {","            break;","        }","        local.assetsDict['/assets.example.js'] =","            local.assetsDict['/assets.example.js'] ||","            local.fs.readFileSync(__filename, 'utf8');","        // bug-workaround - long $npm_package_buildCustomOrg","        /* jslint-ignore-begin */","        local.assetsDict['/assets.npmtest_json_api.rollup.js'] =","            local.assetsDict['/assets.npmtest_json_api.rollup.js'] ||","            local.fs.readFileSync(","                local.npmtest_json_api.__dirname + '/lib.npmtest_json_api.js',","                'utf8'","            ).replace((/^#!/), '//');","        /* jslint-ignore-end */","        local.assetsDict['/favicon.ico'] = local.assetsDict['/favicon.ico'] || '';","        // if $npm_config_timeout_exit exists,","        // then exit this process after $npm_config_timeout_exit ms","        if (Number(process.env.npm_config_timeout_exit)) {","            setTimeout(process.exit, Number(process.env.npm_config_timeout_exit));","        }","        // start server","        if (local.global.utility2_serverHttp1) {","            break;","        }","        process.env.PORT = process.env.PORT || '8081';","        console.error('server starting on port ' + process.env.PORT);","        local.http.createServer(function (request, response) {","            request.urlParsed = local.url.parse(request.url);","            if (local.assetsDict[request.urlParsed.pathname] !== undefined) {","                response.end(local.assetsDict[request.urlParsed.pathname]);","                return;","            }","            response.statusCode = 404;","            response.end();","        }).listen(process.env.PORT);","        break;","    }","}());",""],"l":{"26":2,"28":2,"33":2,"35":2,"37":2,"38":2,"39":2,"44":1,"51":2,"55":2,"59":2,"61":2,"69":1,"70":2,"76":2,"79":2,"82":2,"83":2,"85":1,"89":2,"92":1,"93":1,"94":1,"96":1,"97":1,"100":1,"101":1,"103":1,"106":1,"108":2,"114":1,"116":1,"118":1,"123":1,"124":2,"125":2,"126":3,"127":3,"128":3,"129":3,"130":1,"133":3,"134":3,"139":3,"143":1,"144":3,"145":1,"149":1,"150":1,"158":1,"160":1,"161":1,"162":1,"164":1,"166":1,"258":1,"259":1,"271":1,"274":6,"275":6,"277":1,"279":2,"281":1,"283":2,"288":1,"289":1,"291":1,"296":1,"303":1,"306":1,"307":1,"310":1,"311":1,"313":1,"314":1,"315":1,"316":1,"317":1,"318":1,"319":1,"321":1,"322":1,"324":1}},"/home/travis/build/npmtest/node-npmtest-json-api/node_modules/json-api/index.js":{"path":"/home/travis/build/npmtest/node-npmtest-json-api/node_modules/json-api/index.js","s":{"1":1,"2":16,"3":16,"4":14},"b":{},"f":{"1":16,"2":16,"3":14},"fnMap":{"1":{"name":"(anonymous_1)","line":9,"loc":{"start":{"line":9,"column":16},"end":{"line":9,"column":19}}},"2":{"name":"(anonymous_2)","line":14,"loc":{"start":{"line":14,"column":15},"end":{"line":14,"column":18}}},"3":{"name":"(anonymous_3)","line":17,"loc":{"start":{"line":17,"column":11},"end":{"line":17,"column":14}}}},"statementMap":{"1":{"start":{"line":7,"column":0},"end":{"line":38,"column":2}},"2":{"start":{"line":10,"column":6},"end":{"line":10,"column":72}},"3":{"start":{"line":15,"column":6},"end":{"line":15,"column":59}},"4":{"start":{"line":18,"column":6},"end":{"line":18,"column":55}}},"branchMap":{},"code":["/**"," * Peer dependencies may or may not be installed (npm@3 doesn't install them"," * automatically, and users may not need every peer dependency if they bring"," * their own adapters/strategies). So the code below only tries to require them"," * when they're asked for, as doing otherwise can cause errors."," */","module.exports = {","  dbAdapters: {","    get Mongoose() {","      return require('./build/src/db-adapters/Mongoose/MongooseAdapter')","    }","  },","  httpStrategies: {","    get Express() {","      return require('./build/src/http-strategies/Express')","    },","    get Koa() {","      return require('./build/src/http-strategies/Koa')","    }","  },","  types: {","    Collection: require('./build/src/types/Collection'),","    Document: require('./build/src/types/Document'),","    Error: require('./build/src/types/APIError'),","    Resource: require('./build/src/types/Resource'),","    Relationship: require('./build/src/types/Relationship'),","    Linkage: require('./build/src/types/Linkage'),","    Documentation: {","      Field: require('./build/src/types/Documentation/Field'),","      FieldType: require('./build/src/types/Documentation/FieldType')","    }","  },","  controllers: {","    API: require('./build/src/controllers/API'),","    Documentation: require('./build/src/controllers/Documentation')","  },","  ResourceTypeRegistry: require('./build/src/ResourceTypeRegistry')","};",""],"l":{"7":1,"10":16,"15":16,"18":14}},"/home/travis/build/npmtest/node-npmtest-json-api/node_modules/json-api/build/src/types/Collection.js":{"path":"/home/travis/build/npmtest/node-npmtest-json-api/node_modules/json-api/build/src/types/Collection.js","s":{"1":1,"2":1,"3":1,"4":1,"5":1,"6":0,"7":0,"8":0,"9":1,"10":0,"11":0,"12":0,"13":0,"14":0,"15":1,"16":1,"17":1},"b":{"1":[0,0],"2":[0,0]},"f":{"1":1,"2":0,"3":0,"4":0,"5":0,"6":0,"7":0},"fnMap":{"1":{"name":"(anonymous_1)","line":11,"loc":{"start":{"line":11,"column":18},"end":{"line":11,"column":30}}},"2":{"name":"Collection","line":12,"loc":{"start":{"line":12,"column":2},"end":{"line":12,"column":24}}},"3":{"name":"add","line":22,"loc":{"start":{"line":22,"column":11},"end":{"line":22,"column":34}}},"4":{"name":"get","line":27,"loc":{"start":{"line":27,"column":9},"end":{"line":27,"column":24}}},"5":{"name":"(anonymous_5)","line":28,"loc":{"start":{"line":28,"column":32},"end":{"line":28,"column":46}}},"6":{"name":"get","line":34,"loc":{"start":{"line":34,"column":9},"end":{"line":34,"column":24}}},"7":{"name":"(anonymous_7)","line":35,"loc":{"start":{"line":35,"column":32},"end":{"line":35,"column":46}}}},"statementMap":{"1":{"start":{"line":3,"column":0},"end":{"line":3,"column":76}},"2":{"start":{"line":5,"column":0},"end":{"line":5,"column":83}},"3":{"start":{"line":7,"column":0},"end":{"line":9,"column":3}},"4":{"start":{"line":11,"column":0},"end":{"line":42,"column":5}},"5":{"start":{"line":12,"column":2},"end":{"line":18,"column":3}},"6":{"start":{"line":13,"column":4},"end":{"line":13,"column":92}},"7":{"start":{"line":15,"column":4},"end":{"line":15,"column":38}},"8":{"start":{"line":17,"column":4},"end":{"line":17,"column":31}},"9":{"start":{"line":20,"column":2},"end":{"line":39,"column":6}},"10":{"start":{"line":23,"column":6},"end":{"line":23,"column":36}},"11":{"start":{"line":28,"column":6},"end":{"line":30,"column":9}},"12":{"start":{"line":29,"column":8},"end":{"line":29,"column":21}},"13":{"start":{"line":35,"column":6},"end":{"line":37,"column":9}},"14":{"start":{"line":36,"column":8},"end":{"line":36,"column":23}},"15":{"start":{"line":41,"column":2},"end":{"line":41,"column":20}},"16":{"start":{"line":44,"column":0},"end":{"line":44,"column":32}},"17":{"start":{"line":45,"column":0},"end":{"line":45,"column":36}}},"branchMap":{"1":{"line":13,"type":"cond-expr","locations":[{"start":{"line":13,"column":74},"end":{"line":13,"column":76}},{"start":{"line":13,"column":79},"end":{"line":13,"column":91}}]},"2":{"line":13,"type":"binary-expr","locations":[{"start":{"line":13,"column":20},"end":{"line":13,"column":41}},{"start":{"line":13,"column":45},"end":{"line":13,"column":71}}]}},"code":["\"use strict\";","","var _createClass = require(\"babel-runtime/helpers/create-class\")[\"default\"];","","var _classCallCheck = require(\"babel-runtime/helpers/class-call-check\")[\"default\"];","","Object.defineProperty(exports, \"__esModule\", {","  value: true","});","","var Collection = (function () {","  function Collection() {","    var resources = arguments.length <= 0 || arguments[0] === undefined ? [] : arguments[0];","","    _classCallCheck(this, Collection);","","    this.resources = resources;","  }","","  _createClass(Collection, [{","    key: \"add\",","    value: function add(resource) {","      this.resources.push(resource);","    }","  }, {","    key: \"ids\",","    get: function get() {","      return this.resources.map(function (it) {","        return it.id;","      });","    }","  }, {","    key: \"types\",","    get: function get() {","      return this.resources.map(function (it) {","        return it.type;","      });","    }","  }]);","","  return Collection;","})();","","exports[\"default\"] = Collection;","module.exports = exports[\"default\"];"],"l":{"3":1,"5":1,"7":1,"11":1,"12":1,"13":0,"15":0,"17":0,"20":1,"23":0,"28":0,"29":0,"35":0,"36":0,"41":1,"44":1,"45":1}},"/home/travis/build/npmtest/node-npmtest-json-api/node_modules/json-api/build/src/types/Document.js":{"path":"/home/travis/build/npmtest/node-npmtest-json-api/node_modules/json-api/build/src/types/Document.js","s":{"1":1,"2":1,"3":1,"4":1,"5":1,"6":1,"7":1,"8":1,"9":1,"10":1,"11":1,"12":1,"13":1,"14":1,"15":1,"16":1,"17":1,"18":0,"19":0,"20":0,"21":0,"22":0,"23":0,"24":0,"25":0,"26":0,"27":0,"28":0,"29":0,"30":1,"31":0,"32":0,"33":0,"34":0,"35":0,"36":0,"37":0,"38":0,"39":0,"40":0,"41":0,"42":0,"43":0,"44":0,"45":0,"46":0,"47":0,"48":0,"49":1,"50":1,"51":1,"52":0,"53":1,"54":0,"55":0,"56":0,"57":0,"58":0,"59":0,"60":0,"61":0,"62":0,"63":0,"64":0,"65":0,"66":0,"67":1,"68":0,"69":0,"70":0,"71":0,"72":0,"73":0,"74":0,"75":0,"76":0,"77":0,"78":0,"79":0,"80":0,"81":0,"82":0,"83":0,"84":0,"85":0,"86":1,"87":0,"88":0,"89":0,"90":0,"91":0,"92":1},"b":{"1":[0,0],"2":[0,0],"3":[0,0],"4":[0,0],"5":[0,0],"6":[0,0],"7":[0,0],"8":[0,0],"9":[0,0],"10":[0,0],"11":[0,0],"12":[0,0],"13":[0,0],"14":[0,0],"15":[0,0],"16":[0,0],"17":[0,0],"18":[0,0],"19":[0,0],"20":[0,0],"21":[0,0],"22":[0,0],"23":[0,0],"24":[0,0],"25":[0,0],"26":[0,0],"27":[0,0],"28":[0,0],"29":[0,0],"30":[0,0]},"f":{"1":1,"2":0,"3":0,"4":0,"5":0,"6":0,"7":0,"8":0,"9":0,"10":0},"fnMap":{"1":{"name":"(anonymous_1)","line":35,"loc":{"start":{"line":35,"column":16},"end":{"line":35,"column":28}}},"2":{"name":"Document","line":36,"loc":{"start":{"line":36,"column":2},"end":{"line":36,"column":75}}},"3":{"name":"(anonymous_3)","line":53,"loc":{"start":{"line":53,"column":77},"end":{"line":53,"column":105}}},"4":{"name":"get","line":62,"loc":{"start":{"line":62,"column":11},"end":{"line":62,"column":35}}},"5":{"name":"(anonymous_5)","line":75,"loc":{"start":{"line":75,"column":77},"end":{"line":75,"column":97}}},"6":{"name":"(anonymous_6)","line":90,"loc":{"start":{"line":90,"column":81},"end":{"line":90,"column":101}}},"7":{"name":"linkageToJSON","line":104,"loc":{"start":{"line":104,"column":0},"end":{"line":104,"column":32}}},"8":{"name":"relationshipToJSON","line":108,"loc":{"start":{"line":108,"column":0},"end":{"line":108,"column":70}}},"9":{"name":"resourceToJSON","line":137,"loc":{"start":{"line":137,"column":0},"end":{"line":137,"column":48}}},"10":{"name":"errorToJSON","line":171,"loc":{"start":{"line":171,"column":0},"end":{"line":171,"column":28}}}},"statementMap":{"1":{"start":{"line":3,"column":0},"end":{"line":3,"column":76}},"2":{"start":{"line":5,"column":0},"end":{"line":5,"column":83}},"3":{"start":{"line":7,"column":0},"end":{"line":7,"column":79}},"4":{"start":{"line":9,"column":0},"end":{"line":9,"column":97}},"5":{"start":{"line":11,"column":0},"end":{"line":13,"column":3}},"6":{"start":{"line":15,"column":0},"end":{"line":15,"column":36}},"7":{"start":{"line":17,"column":0},"end":{"line":17,"column":49}},"8":{"start":{"line":19,"column":0},"end":{"line":19,"column":38}},"9":{"start":{"line":21,"column":0},"end":{"line":21,"column":51}},"10":{"start":{"line":23,"column":0},"end":{"line":23,"column":42}},"11":{"start":{"line":25,"column":0},"end":{"line":25,"column":55}},"12":{"start":{"line":27,"column":0},"end":{"line":27,"column":57}},"13":{"start":{"line":29,"column":0},"end":{"line":29,"column":44}},"14":{"start":{"line":31,"column":0},"end":{"line":31,"column":43}},"15":{"start":{"line":33,"column":0},"end":{"line":33,"column":57}},"16":{"start":{"line":35,"column":0},"end":{"line":100,"column":5}},"17":{"start":{"line":36,"column":2},"end":{"line":58,"column":3}},"18":{"start":{"line":37,"column":4},"end":{"line":37,"column":36}},"19":{"start":{"line":40,"column":4},"end":{"line":40,"column":51}},"20":{"start":{"line":41,"column":4},"end":{"line":41,"column":35}},"21":{"start":{"line":42,"column":4},"end":{"line":42,"column":28}},"22":{"start":{"line":43,"column":4},"end":{"line":43,"column":26}},"23":{"start":{"line":44,"column":4},"end":{"line":50,"column":5}},"24":{"start":{"line":45,"column":6},"end":{"line":49,"column":7}},"25":{"start":{"line":46,"column":8},"end":{"line":46,"column":25}},"26":{"start":{"line":48,"column":8},"end":{"line":48,"column":62}},"27":{"start":{"line":53,"column":4},"end":{"line":55,"column":7}},"28":{"start":{"line":54,"column":6},"end":{"line":54,"column":127}},"29":{"start":{"line":57,"column":4},"end":{"line":57,"column":25}},"30":{"start":{"line":60,"column":2},"end":{"line":97,"column":6}},"31":{"start":{"line":63,"column":6},"end":{"line":63,"column":23}},"32":{"start":{"line":65,"column":6},"end":{"line":65,"column":19}},"33":{"start":{"line":67,"column":6},"end":{"line":67,"column":42}},"34":{"start":{"line":67,"column":21},"end":{"line":67,"column":42}},"35":{"start":{"line":70,"column":6},"end":{"line":72,"column":7}},"36":{"start":{"line":71,"column":8},"end":{"line":71,"column":44}},"37":{"start":{"line":74,"column":6},"end":{"line":87,"column":9}},"38":{"start":{"line":75,"column":8},"end":{"line":77,"column":11}},"39":{"start":{"line":76,"column":10},"end":{"line":76,"column":62}},"40":{"start":{"line":78,"column":13},"end":{"line":87,"column":9}},"41":{"start":{"line":79,"column":8},"end":{"line":79,"column":55}},"42":{"start":{"line":80,"column":13},"end":{"line":87,"column":9}},"43":{"start":{"line":81,"column":8},"end":{"line":81,"column":40}},"44":{"start":{"line":86,"column":10},"end":{"line":86,"column":61}},"45":{"start":{"line":89,"column":6},"end":{"line":93,"column":7}},"46":{"start":{"line":90,"column":8},"end":{"line":92,"column":11}},"47":{"start":{"line":91,"column":10},"end":{"line":91,"column":62}},"48":{"start":{"line":95,"column":6},"end":{"line":95,"column":51}},"49":{"start":{"line":99,"column":2},"end":{"line":99,"column":18}},"50":{"start":{"line":102,"column":0},"end":{"line":102,"column":30}},"51":{"start":{"line":104,"column":0},"end":{"line":106,"column":1}},"52":{"start":{"line":105,"column":2},"end":{"line":105,"column":34}},"53":{"start":{"line":108,"column":0},"end":{"line":135,"column":1}},"54":{"start":{"line":109,"column":2},"end":{"line":109,"column":18}},"55":{"start":{"line":111,"column":2},"end":{"line":113,"column":3}},"56":{"start":{"line":112,"column":4},"end":{"line":112,"column":54}},"57":{"start":{"line":116,"column":2},"end":{"line":132,"column":3}},"58":{"start":{"line":117,"column":4},"end":{"line":117,"column":174}},"59":{"start":{"line":119,"column":4},"end":{"line":119,"column":170}},"60":{"start":{"line":121,"column":4},"end":{"line":123,"column":5}},"61":{"start":{"line":122,"column":6},"end":{"line":122,"column":24}},"62":{"start":{"line":125,"column":4},"end":{"line":127,"column":5}},"63":{"start":{"line":126,"column":6},"end":{"line":126,"column":69}},"64":{"start":{"line":129,"column":4},"end":{"line":131,"column":5}},"65":{"start":{"line":130,"column":6},"end":{"line":130,"column":63}},"66":{"start":{"line":134,"column":2},"end":{"line":134,"column":16}},"67":{"start":{"line":137,"column":0},"end":{"line":169,"column":1}},"68":{"start":{"line":138,"column":2},"end":{"line":138,"column":16}},"69":{"start":{"line":139,"column":2},"end":{"line":139,"column":24}},"70":{"start":{"line":140,"column":2},"end":{"line":140,"column":28}},"71":{"start":{"line":141,"column":2},"end":{"line":141,"column":35}},"72":{"start":{"line":143,"column":2},"end":{"line":145,"column":3}},"73":{"start":{"line":144,"column":4},"end":{"line":144,"column":30}},"74":{"start":{"line":149,"column":2},"end":{"line":149,"column":46}},"75":{"start":{"line":150,"column":2},"end":{"line":150,"column":85}},"76":{"start":{"line":152,"column":2},"end":{"line":157,"column":3}},"77":{"start":{"line":153,"column":4},"end":{"line":153,"column":20}},"78":{"start":{"line":154,"column":4},"end":{"line":156,"column":5}},"79":{"start":{"line":155,"column":6},"end":{"line":155,"column":58}},"80":{"start":{"line":159,"column":2},"end":{"line":166,"column":3}},"81":{"start":{"line":160,"column":4},"end":{"line":160,"column":28}},"82":{"start":{"line":162,"column":4},"end":{"line":165,"column":5}},"83":{"start":{"line":163,"column":6},"end":{"line":163,"column":90}},"84":{"start":{"line":164,"column":6},"end":{"line":164,"column":114}},"85":{"start":{"line":168,"column":2},"end":{"line":168,"column":14}},"86":{"start":{"line":171,"column":0},"end":{"line":179,"column":1}},"87":{"start":{"line":172,"column":2},"end":{"line":172,"column":15}},"88":{"start":{"line":173,"column":2},"end":{"line":177,"column":3}},"89":{"start":{"line":174,"column":4},"end":{"line":176,"column":5}},"90":{"start":{"line":175,"column":6},"end":{"line":175,"column":28}},"91":{"start":{"line":178,"column":2},"end":{"line":178,"column":13}},"92":{"start":{"line":180,"column":0},"end":{"line":180,"column":36}}},"branchMap":{"1":{"line":44,"type":"if","locations":[{"start":{"line":44,"column":4},"end":{"line":44,"column":4}},{"start":{"line":44,"column":4},"end":{"line":44,"column":4}}]},"2":{"line":45,"type":"if","locations":[{"start":{"line":45,"column":6},"end":{"line":45,"column":6}},{"start":{"line":45,"column":6},"end":{"line":45,"column":6}}]},"3":{"line":45,"type":"binary-expr","locations":[{"start":{"line":45,"column":10},"end":{"line":45,"column":34}},{"start":{"line":45,"column":38},"end":{"line":45,"column":58}}]},"4":{"line":53,"type":"binary-expr","locations":[{"start":{"line":53,"column":57},"end":{"line":53,"column":69}},{"start":{"line":53,"column":73},"end":{"line":53,"column":75}}]},"5":{"line":67,"type":"if","locations":[{"start":{"line":67,"column":6},"end":{"line":67,"column":6}},{"start":{"line":67,"column":6},"end":{"line":67,"column":6}}]},"6":{"line":70,"type":"if","locations":[{"start":{"line":70,"column":6},"end":{"line":70,"column":6}},{"start":{"line":70,"column":6},"end":{"line":70,"column":6}}]},"7":{"line":74,"type":"if","locations":[{"start":{"line":74,"column":6},"end":{"line":74,"column":6}},{"start":{"line":74,"column":6},"end":{"line":74,"column":6}}]},"8":{"line":74,"type":"binary-expr","locations":[{"start":{"line":74,"column":10},"end":{"line":74,"column":65}},{"start":{"line":74,"column":69},"end":{"line":74,"column":122}}]},"9":{"line":78,"type":"if","locations":[{"start":{"line":78,"column":13},"end":{"line":78,"column":13}},{"start":{"line":78,"column":13},"end":{"line":78,"column":13}}]},"10":{"line":80,"type":"if","locations":[{"start":{"line":80,"column":13},"end":{"line":80,"column":13}},{"start":{"line":80,"column":13},"end":{"line":80,"column":13}}]},"11":{"line":89,"type":"if","locations":[{"start":{"line":89,"column":6},"end":{"line":89,"column":6}},{"start":{"line":89,"column":6},"end":{"line":89,"column":6}}]},"12":{"line":89,"type":"binary-expr","locations":[{"start":{"line":89,"column":10},"end":{"line":89,"column":23}},{"start":{"line":89,"column":27},"end":{"line":89,"column":75}}]},"13":{"line":95,"type":"cond-expr","locations":[{"start":{"line":95,"column":25},"end":{"line":95,"column":44}},{"start":{"line":95,"column":47},"end":{"line":95,"column":50}}]},"14":{"line":105,"type":"binary-expr","locations":[{"start":{"line":105,"column":9},"end":{"line":105,"column":16}},{"start":{"line":105,"column":20},"end":{"line":105,"column":33}}]},"15":{"line":111,"type":"if","locations":[{"start":{"line":111,"column":2},"end":{"line":111,"column":2}},{"start":{"line":111,"column":2},"end":{"line":111,"column":2}}]},"16":{"line":116,"type":"if","locations":[{"start":{"line":116,"column":2},"end":{"line":116,"column":2}},{"start":{"line":116,"column":2},"end":{"line":116,"column":2}}]},"17":{"line":117,"type":"cond-expr","locations":[{"start":{"line":117,"column":63},"end":{"line":117,"column":126}},{"start":{"line":117,"column":129},"end":{"line":117,"column":173}}]},"18":{"line":119,"type":"cond-expr","locations":[{"start":{"line":119,"column":57},"end":{"line":119,"column":117}},{"start":{"line":119,"column":120},"end":{"line":119,"column":169}}]},"19":{"line":121,"type":"if","locations":[{"start":{"line":121,"column":4},"end":{"line":121,"column":4}},{"start":{"line":121,"column":4},"end":{"line":121,"column":4}}]},"20":{"line":121,"type":"binary-expr","locations":[{"start":{"line":121,"column":8},"end":{"line":121,"column":26}},{"start":{"line":121,"column":30},"end":{"line":121,"column":45}}]},"21":{"line":125,"type":"if","locations":[{"start":{"line":125,"column":4},"end":{"line":125,"column":4}},{"start":{"line":125,"column":4},"end":{"line":125,"column":4}}]},"22":{"line":129,"type":"if","locations":[{"start":{"line":129,"column":4},"end":{"line":129,"column":4}},{"start":{"line":129,"column":4},"end":{"line":129,"column":4}}]},"23":{"line":143,"type":"if","locations":[{"start":{"line":143,"column":2},"end":{"line":143,"column":2}},{"start":{"line":143,"column":2},"end":{"line":143,"column":2}}]},"24":{"line":143,"type":"binary-expr","locations":[{"start":{"line":143,"column":6},"end":{"line":143,"column":19}},{"start":{"line":143,"column":23},"end":{"line":143,"column":75}}]},"25":{"line":150,"type":"binary-expr","locations":[{"start":{"line":150,"column":21},"end":{"line":150,"column":48}},{"start":{"line":150,"column":52},"end":{"line":150,"column":84}}]},"26":{"line":152,"type":"if","locations":[{"start":{"line":152,"column":2},"end":{"line":152,"column":2}},{"start":{"line":152,"column":2},"end":{"line":152,"column":2}}]},"27":{"line":152,"type":"binary-expr","locations":[{"start":{"line":152,"column":6},"end":{"line":152,"column":59}},{"start":{"line":152,"column":63},"end":{"line":152,"column":75}}]},"28":{"line":154,"type":"if","locations":[{"start":{"line":154,"column":4},"end":{"line":154,"column":4}},{"start":{"line":154,"column":4},"end":{"line":154,"column":4}}]},"29":{"line":159,"type":"if","locations":[{"start":{"line":159,"column":2},"end":{"line":159,"column":2}},{"start":{"line":159,"column":2},"end":{"line":159,"column":2}}]},"30":{"line":174,"type":"if","locations":[{"start":{"line":174,"column":4},"end":{"line":174,"column":4}},{"start":{"line":174,"column":4},"end":{"line":174,"column":4}}]}},"code":["\"use strict\";","","var _createClass = require(\"babel-runtime/helpers/create-class\")[\"default\"];","","var _classCallCheck = require(\"babel-runtime/helpers/class-call-check\")[\"default\"];","","var _Object$assign = require(\"babel-runtime/core-js/object/assign\")[\"default\"];","","var _interopRequireDefault = require(\"babel-runtime/helpers/interop-require-default\")[\"default\"];","","Object.defineProperty(exports, \"__esModule\", {","  value: true","});","","var _Linkage = require(\"./Linkage\");","","var _Linkage2 = _interopRequireDefault(_Linkage);","","var _Resource = require(\"./Resource\");","","var _Resource2 = _interopRequireDefault(_Resource);","","var _Collection = require(\"./Collection\");","","var _Collection2 = _interopRequireDefault(_Collection);","","var _utilTypeHandling = require(\"../util/type-handling\");","","var _utilArrays = require(\"../util/arrays\");","","var _urlTemplate = require(\"url-template\");","","var _urlTemplate2 = _interopRequireDefault(_urlTemplate);","","var Document = (function () {","  function Document(primaryOrErrors, included, meta, urlTemplates, reqURI) {","    _classCallCheck(this, Document);","","    // validate meta","    var _ref = [primaryOrErrors, included, reqURI];","    this.primaryOrErrors = _ref[0];","    this.included = _ref[1];","    this.reqURI = _ref[2];","    if (meta !== undefined) {","      if (typeof meta === \"object\" && !Array.isArray(meta)) {","        this.meta = meta;","      } else {","        throw new Error(\"Meta information must be an object\");","      }","    }","","    // parse all the templates once on construction.","    this.urlTemplates = (0, _utilTypeHandling.mapObject)(urlTemplates || {}, function (templatesForType) {","      return (0, _utilTypeHandling.mapObject)(templatesForType, _urlTemplate2[\"default\"].parse.bind(_urlTemplate2[\"default\"]));","    });","","    this.reqURI = reqURI;","  }","","  _createClass(Document, [{","    key: \"get\",","    value: function get(stringify) {","      var _this = this;","","      var doc = {};","","      if (this.meta) doc.meta = this.meta;","","      // TODO: top-level related link.","      if (this.reqURI) {","        doc.links = { \"self\": this.reqURI };","      }","","      if (this.primaryOrErrors instanceof _Collection2[\"default\"] || this.primaryOrErrors instanceof _Resource2[\"default\"]) {","        doc.data = (0, _utilTypeHandling.mapResources)(this.primaryOrErrors, function (resource) {","          return resourceToJSON(resource, _this.urlTemplates);","        });","      } else if (this.primaryOrErrors instanceof _Linkage2[\"default\"]) {","        doc.data = linkageToJSON(this.primaryOrErrors);","      } else if (this.primaryOrErrors === null) {","        doc.data = this.primaryOrErrors;","      }","","      // it's either resource, a collection, linkage, null, or errors...","      else {","          doc.errors = this.primaryOrErrors.map(errorToJSON);","        }","","      if (this.included && this.included instanceof _Collection2[\"default\"]) {","        doc.included = (0, _utilArrays.arrayUnique)(this.included.resources).map(function (resource) {","          return resourceToJSON(resource, _this.urlTemplates);","        });","      }","","      return stringify ? JSON.stringify(doc) : doc;","    }","  }]);","","  return Document;","})();","","exports[\"default\"] = Document;","","function linkageToJSON(linkage) {","  return linkage && linkage.value;","}","","function relationshipToJSON(relationship, urlTemplates, templateData) {","  var result = {};","","  if (relationship.linkage) {","    result.data = linkageToJSON(relationship.linkage);","  }","","  // Add urls that we can.","  if (urlTemplates[templateData.ownerType]) {","    var relatedUrlTemplate = relationship.relatedURITemplate ? _urlTemplate2[\"default\"].parse(relationship.relatedURITemplate) : urlTemplates[templateData.ownerType].related;","","    var selfUrlTemplate = relationship.selfURITemplate ? _urlTemplate2[\"default\"].parse(relationship.selfURITemplate) : urlTemplates[templateData.ownerType].relationship;","","    if (relatedUrlTemplate || selfUrlTemplate) {","      result.links = {};","    }","","    if (relatedUrlTemplate) {","      result.links.related = relatedUrlTemplate.expand(templateData);","    }","","    if (selfUrlTemplate) {","      result.links.self = selfUrlTemplate.expand(templateData);","    }","  }","","  return result;","}","","function resourceToJSON(resource, urlTemplates) {","  var json = {};","  json.id = resource.id;","  json.type = resource.type;","  json.attributes = resource.attrs;","","  if (resource.meta && !(0, _utilTypeHandling.objectIsEmpty)(resource.meta)) {","    json.meta = resource.meta;","  }","","  // use type, id, meta and attrs for template data, even though building","  // links from attr values is usually stupid (but there are cases for it).","  var templateData = _Object$assign({}, json);","  var selfTemplate = urlTemplates[resource.type] && urlTemplates[resource.type].self;","","  if (!(0, _utilTypeHandling.objectIsEmpty)(resource.links) || selfTemplate) {","    json.links = {};","    if (selfTemplate) {","      json.links.self = selfTemplate.expand(templateData);","    }","  }","","  if (!(0, _utilTypeHandling.objectIsEmpty)(resource.relationships)) {","    json.relationships = {};","","    for (var path in resource.relationships) {","      var linkTemplateData = { \"ownerType\": json.type, \"ownerId\": json.id, \"path\": path };","      json.relationships[path] = relationshipToJSON(resource.relationships[path], urlTemplates, linkTemplateData);","    }","  }","","  return json;","}","","function errorToJSON(error) {","  var res = {};","  for (var key in error) {","    if (error.hasOwnProperty(key)) {","      res[key] = error[key];","    }","  }","  return res;","}","module.exports = exports[\"default\"];"],"l":{"3":1,"5":1,"7":1,"9":1,"11":1,"15":1,"17":1,"19":1,"21":1,"23":1,"25":1,"27":1,"29":1,"31":1,"33":1,"35":1,"36":1,"37":0,"40":0,"41":0,"42":0,"43":0,"44":0,"45":0,"46":0,"48":0,"53":0,"54":0,"57":0,"60":1,"63":0,"65":0,"67":0,"70":0,"71":0,"74":0,"75":0,"76":0,"78":0,"79":0,"80":0,"81":0,"86":0,"89":0,"90":0,"91":0,"95":0,"99":1,"102":1,"104":1,"105":0,"108":1,"109":0,"111":0,"112":0,"116":0,"117":0,"119":0,"121":0,"122":0,"125":0,"126":0,"129":0,"130":0,"134":0,"137":1,"138":0,"139":0,"140":0,"141":0,"143":0,"144":0,"149":0,"150":0,"152":0,"153":0,"154":0,"155":0,"159":0,"160":0,"162":0,"163":0,"164":0,"168":0,"171":1,"172":0,"173":0,"174":0,"175":0,"178":0,"180":1}},"/home/travis/build/npmtest/node-npmtest-json-api/node_modules/json-api/build/src/types/Linkage.js":{"path":"/home/travis/build/npmtest/node-npmtest-json-api/node_modules/json-api/build/src/types/Linkage.js","s":{"1":1,"2":1,"3":1,"4":1,"5":1,"6":0,"7":0,"8":1,"9":0,"10":0,"11":0,"12":0,"13":0,"14":0,"15":0,"16":0,"17":0,"18":0,"19":0,"20":0,"21":0,"22":0,"23":1,"24":1,"25":1,"26":0,"27":1,"28":0,"29":1},"b":{"1":[0,0],"2":[0,0],"3":[0,0],"4":[0,0],"5":[0,0],"6":[0,0],"7":[0,0]},"f":{"1":1,"2":0,"3":0,"4":0,"5":0,"6":0,"7":0},"fnMap":{"1":{"name":"(anonymous_1)","line":11,"loc":{"start":{"line":11,"column":15},"end":{"line":11,"column":27}}},"2":{"name":"Linkage","line":17,"loc":{"start":{"line":17,"column":2},"end":{"line":17,"column":26}}},"3":{"name":"set","line":25,"loc":{"start":{"line":25,"column":11},"end":{"line":25,"column":31}}},"4":{"name":"add","line":41,"loc":{"start":{"line":41,"column":11},"end":{"line":41,"column":34}}},"5":{"name":"empty","line":54,"loc":{"start":{"line":54,"column":11},"end":{"line":54,"column":28}}},"6":{"name":"InvalidLinkageError","line":64,"loc":{"start":{"line":64,"column":0},"end":{"line":64,"column":36}}},"7":{"name":"isValidLinkageObject","line":68,"loc":{"start":{"line":68,"column":0},"end":{"line":68,"column":34}}}},"statementMap":{"1":{"start":{"line":3,"column":0},"end":{"line":3,"column":76}},"2":{"start":{"line":5,"column":0},"end":{"line":5,"column":83}},"3":{"start":{"line":7,"column":0},"end":{"line":9,"column":3}},"4":{"start":{"line":11,"column":0},"end":{"line":60,"column":5}},"5":{"start":{"line":17,"column":2},"end":{"line":21,"column":3}},"6":{"start":{"line":18,"column":4},"end":{"line":18,"column":35}},"7":{"start":{"line":20,"column":4},"end":{"line":20,"column":20}},"8":{"start":{"line":23,"column":2},"end":{"line":57,"column":6}},"9":{"start":{"line":26,"column":6},"end":{"line":37,"column":7}},"10":{"start":{"line":27,"column":8},"end":{"line":27,"column":27}},"11":{"start":{"line":28,"column":13},"end":{"line":37,"column":7}},"12":{"start":{"line":29,"column":8},"end":{"line":33,"column":9}},"13":{"start":{"line":30,"column":10},"end":{"line":30,"column":29}},"14":{"start":{"line":32,"column":10},"end":{"line":32,"column":47}},"15":{"start":{"line":35,"column":8},"end":{"line":35,"column":24}},"16":{"start":{"line":36,"column":8},"end":{"line":36,"column":43}},"17":{"start":{"line":42,"column":6},"end":{"line":50,"column":7}},"18":{"start":{"line":43,"column":8},"end":{"line":47,"column":9}},"19":{"start":{"line":44,"column":10},"end":{"line":44,"column":36}},"20":{"start":{"line":46,"column":10},"end":{"line":46,"column":50}},"21":{"start":{"line":49,"column":8},"end":{"line":49,"column":97}},"22":{"start":{"line":55,"column":6},"end":{"line":55,"column":57}},"23":{"start":{"line":59,"column":2},"end":{"line":59,"column":17}},"24":{"start":{"line":62,"column":0},"end":{"line":62,"column":29}},"25":{"start":{"line":64,"column":0},"end":{"line":66,"column":1}},"26":{"start":{"line":65,"column":2},"end":{"line":65,"column":70}},"27":{"start":{"line":68,"column":0},"end":{"line":70,"column":1}},"28":{"start":{"line":69,"column":2},"end":{"line":69,"column":66}},"29":{"start":{"line":71,"column":0},"end":{"line":71,"column":3
[...]
:14},"end":{"line":83,"column":35}},"32":{"start":{"line":84,"column":14},"end":{"line":84,"column":54}},"33":{"start":{"line":87,"column":14},"end":{"line":87,"column":40}},"34":{"start":{"line":88,"column":14},"end":{"line":88,"column":72}},"35":{"start":{"line":90,"column":14},"end":{"line":93,"column":15}},"36":{"start":{"line":91,"column":16},"end":{"line":91,"column":38}},"37":{"start":{"line":92,"column":16},"end":{"line":92,"column":22}},"38":{"start":{"line":95,"column":14},"end":{"line":95,"column":36}},"39":{"start":{"line":96,"column":14},"end":{"line":96,"column":26}},"40":{"start":{"line":99,"column":14},"end":{"line":99,"column":36}},"41":{"start":{"line":100,"column":14},"end":{"line":100,"column":20}},"42":{"start":{"line":103,"column":14},"end":{"line":103,"column":36}},"43":{"start":{"line":104,"column":14},"end":{"line":104,"column":55}},"44":{"start":{"line":106,"column":14},"end":{"line":106,"column":55}},"45":{"start":{"line":110,"column":14},"end":{"line":110,"column":40}},"46":{"start":{"line":120,"column":6},"end":{"line":120,"column":26}},"47":{"start":{"line":121,"column":6},"end":{"line":163,"column":9}},"48":{"start":{"line":122,"column":8},"end":{"line":122,"column":53}},"49":{"start":{"line":123,"column":8},"end":{"line":162,"column":40}},"50":{"start":{"line":124,"column":10},"end":{"line":161,"column":11}},"51":{"start":{"line":124,"column":20},"end":{"line":161,"column":11}},"52":{"start":{"line":126,"column":14},"end":{"line":126,"column":25}},"53":{"start":{"line":127,"column":14},"end":{"line":127,"column":35}},"54":{"start":{"line":128,"column":14},"end":{"line":128,"column":35}},"55":{"start":{"line":129,"column":14},"end":{"line":129,"column":94}},"56":{"start":{"line":132,"column":14},"end":{"line":132,"column":40}},"57":{"start":{"line":133,"column":14},"end":{"line":133,"column":35}},"58":{"start":{"line":134,"column":14},"end":{"line":134,"column":55}},"59":{"start":{"line":137,"column":14},"end":{"line":137,"column":40}},"60":{"start":{"line":138,"column":14},"end":{"line":138,"column":72}},"61":{"start":{"line":140,"column":14},"end":{"line":143,"column":15}},"62":{"start":{"line":141,"column":16},"end":{"line":141,"column":38}},"63":{"start":{"line":142,"column":16},"end":{"line":142,"column":22}},"64":{"start":{"line":145,"column":14},"end":{"line":145,"column":36}},"65":{"start":{"line":146,"column":14},"end":{"line":146,"column":26}},"66":{"start":{"line":149,"column":14},"end":{"line":149,"column":36}},"67":{"start":{"line":150,"column":14},"end":{"line":150,"column":20}},"68":{"start":{"line":153,"column":14},"end":{"line":153,"column":36}},"69":{"start":{"line":154,"column":14},"end":{"line":154,"column":55}},"70":{"start":{"line":156,"column":14},"end":{"line":156,"column":55}},"71":{"start":{"line":160,"column":14},"end":{"line":160,"column":40}},"72":{"start":{"line":168,"column":6},"end":{"line":170,"column":7}},"73":{"start":{"line":169,"column":8},"end":{"line":169,"column":69}},"74":{"start":{"line":172,"column":6},"end":{"line":189,"column":7}},"75":{"start":{"line":173,"column":8},"end":{"line":177,"column":9}},"76":{"start":{"line":174,"column":10},"end":{"line":174,"column":27}},"77":{"start":{"line":176,"column":10},"end":{"line":176,"column":22}},"78":{"start":{"line":179,"column":8},"end":{"line":179,"column":60}},"79":{"start":{"line":180,"column":8},"end":{"line":180,"column":50}},"80":{"start":{"line":182,"column":8},"end":{"line":184,"column":9}},"81":{"start":{"line":183,"column":10},"end":{"line":183,"column":63}},"82":{"start":{"line":186,"column":8},"end":{"line":188,"column":9}},"83":{"start":{"line":187,"column":10},"end":{"line":187,"column":53}},"84":{"start":{"line":204,"column":6},"end":{"line":204,"column":23}},"85":{"start":{"line":206,"column":6},"end":{"line":211,"column":9}},"86":{"start":{"line":207,"column":8},"end":{"line":207,"column":56}},"87":{"start":{"line":210,"column":8},"end":{"line":210,"column":46}},"88":{"start":{"line":215,"column":2},"end":{"line":215,"column":21}},"89":{"start":{"line":218,"column":0},"end":{"line":218,"column":33}},"90":{"start":{"line":219,"column":0},"end":{"line":219,"column":36}}},"branchMap":{"1":{"line":74,"type":"switch","locations":[{"start":{"line":75,"column":12},"end":{"line":79,"column":94}},{"start":{"line":81,"column":12},"end":{"line":84,"column":54}},{"start":{"line":86,"column":12},"end":{"line":96,"column":26}},{"start":{"line":98,"column":12},"end":{"line":100,"column":20}},{"start":{"line":102,"column":12},"end":{"line":106,"column":55}},{"start":{"line":108,"column":12},"end":{"line":108,"column":20}},{"start":{"line":109,"column":12},"end":{"line":110,"column":40}}]},"2":{"line":90,"type":"if","locations":[{"start":{"line":90,"column":14},"end":{"line":90,"column":14}},{"start":{"line":90,"column":14},"end":{"line":90,"column":14}}]},"3":{"line":124,"type":"switch","locations":[{"start":{"line":125,"column":12},"end":{"line":129,"column":94}},{"start":{"line":131,"column":12},"end":{"line":134,"column":55}},{"start":{"line":136,"column":12},"end":{"line":146,"column":26}},{"start":{"line":148,"column":12},"end":{"line":150,"column":20}},{"start":{"line":152,"column":12},"end":{"line":156,"column":55}},{"start":{"line":158,"column":12},"end":{"line":158,"column":20}},{"start":{"line":159,"column":12},"end":{"line":160,"column":40}}]},"4":{"line":140,"type":"if","locations":[{"start":{"line":140,"column":14},"end":{"line":140,"column":14}},{"start":{"line":140,"column":14},"end":{"line":140,"column":14}}]},"5":{"line":168,"type":"if","locations":[{"start":{"line":168,"column":6},"end":{"line":168,"column":6}},{"start":{"line":168,"column":6},"end":{"line":168,"column":6}}]},"6":{"line":172,"type":"if","locations":[{"start":{"line":172,"column":6},"end":{"line":172,"column":6}},{"start":{"line":172,"column":6},"end":{"line":172,"column":6}}]},"7":{"line":173,"type":"if","locations":[{"start":{"line":173,"column":8},"end":{"line":173,"column":8}},{"start":{"line":173,"column":8},"end":{"line":173,"column":8}}]},"8":{"line":180,"type":"binary-expr","locations":[{"start":{"line":180,"column":21},"end":{"line":180,"column":42}},{"start":{"line":180,"column":46},"end":{"line":180,"column":49}}]},"9":{"line":182,"type":"if","locations":[{"start":{"line":182,"column":8},"end":{"line":182,"column":8}},{"start":{"line":182,"column":8},"end":{"line":182,"column":8}}]},"10":{"line":186,"type":"if","locations":[{"start":{"line":186,"column":8},"end":{"line":186,"column":8}},{"start":{"line":186,"column":8},"end":{"line":186,"column":8}}]}},"code":["\"use strict\";","","var _get = require(\"babel-runtime/helpers/get\")[\"default\"];","","var _inherits = require(\"babel-runtime/helpers/inherits\")[\"default\"];","","var _createClass = require(\"babel-runtime/helpers/create-class\")[\"default\"];","","var _classCallCheck = require(\"babel-runtime/helpers/class-call-check\")[\"default\"];","","var _regeneratorRuntime = require(\"babel-runtime/regenerator\")[\"default\"];","","var _interopRequireDefault = require(\"babel-runtime/helpers/interop-require-default\")[\"default\"];","","Object.defineProperty(exports, \"__esModule\", {","  value: true","});","","var _vary = require(\"vary\");","","var _vary2 = _interopRequireDefault(_vary);","","var _controllersAPI = require(\"../controllers/API\");","","var _controllersAPI2 = _interopRequireDefault(_controllersAPI);","","var _Base2 = require(\"./Base\");","","var _Base3 = _interopRequireDefault(_Base2);","","/**"," * This controller receives requests directly from Koa and sends responses"," * directly through it, but it converts incoming requests to, and generates"," * responses, from Request and Response objects that are defined by this"," * framework in a way that's not particular to Koa. This controller thereby"," * acts as a translation-layer between Koa and the rest of this json-api"," * framework."," *"," * @param {Object} options A set of configuration options."," *"," * @param {boolean} options.tunnel Whether to turn on PATCH tunneling. See:"," *    http://jsonapi.org/recommendations/#patchless-clients"," *"," * @param {boolean} options.handleContentNegotiation If the JSON API library"," *    can't produce a representation for the response that the client can"," *    `Accept`, should it return 406 or should it hand the request back to"," *    Koa (i.e. yield next) so that subsequent handlers can attempt to"," *    find an alternate representation? By default, it does the former. But you"," *    can set this option to false to have this code just pass on to Koa."," */","","var KoaStrategy = (function (_Base) {","  _inherits(KoaStrategy, _Base);","","  function KoaStrategy(apiController, docsController, options) {","    _classCallCheck(this, KoaStrategy);","","    _get(Object.getPrototypeOf(KoaStrategy.prototype), \"constructor\", this).call(this, apiController, docsController, options);","  }","","  // For requests like GET /:type, GET /:type/:id/:relationship,","  // POST /:type PATCH /:type/:id, PATCH /:type, DELETE /:type/:idOrLabel,","  // DELETE /:type, GET /:type/:id/links/:relationship,","  // PATCH /:type/:id/links/:relationship, POST /:type/:id/links/:relationship,","  // and DELETE /:type/:id/links/:relationship.","","  _createClass(KoaStrategy, [{","    key: \"apiRequest\",","    value: function apiRequest() {","      var strategy = this;","      return _regeneratorRuntime.mark(function callee$2$0(next) {","        var ctx, reqObj, resObj, delegate406Handling;","        return _regeneratorRuntime.wrap(function callee$2$0$(context$3$0) {","          while (1) switch (context$3$0.prev = context$3$0.next) {","            case 0:","              ctx = this;","              context$3$0.prev = 1;","              context$3$0.next = 4;","              return strategy.buildRequestObject(ctx.req, ctx.protocol, ctx.host, ctx.params);","","            case 4:","              reqObj = context$3$0.sent;","              context$3$0.next = 7;","              return strategy.api.handle(reqObj, ctx);","","            case 7:","              resObj = context$3$0.sent;","              delegate406Handling = strategy.sendResources(resObj, ctx);","","              if (!delegate406Handling) {","                context$3$0.next = 12;","                break;","              }","","              context$3$0.next = 12;","              return next;","","            case 12:","              context$3$0.next = 17;","              break;","","            case 14:","              context$3$0.prev = 14;","              context$3$0.t0 = context$3$0[\"catch\"](1);","","              strategy.sendError(context$3$0.t0, this);","","            case 17:","            case \"end\":","              return context$3$0.stop();","          }","        }, callee$2$0, this, [[1, 14]]);","      });","    }","","    // For requests for the documentation.","  }, {","    key: \"docsRequest\",","    value: function docsRequest() {","      var strategy = this;","      return _regeneratorRuntime.mark(function callee$2$0(next) {","        var ctx, reqObj, resObj, delegate406Handling;","        return _regeneratorRuntime.wrap(function callee$2$0$(context$3$0) {","          while (1) switch (context$3$0.prev = context$3$0.next) {","            case 0:","              ctx = this;","              context$3$0.prev = 1;","              context$3$0.next = 4;","              return strategy.buildRequestObject(ctx.req, ctx.protocol, ctx.host, ctx.params);","","            case 4:","              reqObj = context$3$0.sent;","              context$3$0.next = 7;","              return strategy.docs.handle(reqObj, ctx);","","            case 7:","              resObj = context$3$0.sent;","              delegate406Handling = strategy.sendResources(resObj, ctx);","","              if (!delegate406Handling) {","                context$3$0.next = 12;","                break;","              }","","              context$3$0.next = 12;","              return next;","","            case 12:","              context$3$0.next = 17;","              break;","","            case 14:","              context$3$0.prev = 14;","              context$3$0.t0 = context$3$0[\"catch\"](1);","","              strategy.sendError(context$3$0.t0, this);","","            case 17:","            case \"end\":","              return context$3$0.stop();","          }","        }, callee$2$0, this, [[1, 14]]);","      });","    }","  }, {","    key: \"sendResources\",","    value: function sendResources(responseObject, ctx) {","      if (responseObject.headers.vary) {","        (0, _vary2[\"default\"])(ctx.res, responseObject.headers.vary);","      }","","      if (!responseObject.contentType) {","        if (this.config.handleContentNegotiation) {","          ctx.status = 406;","        } else {","          return true;","        }","      } else {","        ctx.set(\"Content-Type\", responseObject.contentType);","        ctx.status = responseObject.status || 200;","","        if (responseObject.headers.location) {","          ctx.set(\"Location\", responseObject.headers.location);","        }","","        if (responseObject.body !== null) {","          ctx.body = new Buffer(responseObject.body);","        }","      }","    }","","    /**","     * A user of this library may wish to send an error response for an exception","     * that originated outside of the JSON API Pipeline and that's outside the","     * main spec's scope (e.g. an authentication error). So, the controller","     * exposes this method which allows them to do that.","     *","     * @param {Error|APIError|Error[]|APIError[]} errors Error or array of errors","     * @param {Object} ctx Koa's context object","     */","  }, {","    key: \"sendError\",","    value: function sendError(errors, ctx) {","      var _this = this;","","      _controllersAPI2[\"default\"].responseFromExternalError(errors, ctx.headers.accept).then(function (responseObject) {","        return _this.sendResources(responseObject, ctx);","      })[\"catch\"](function (err) {","        // if we hit an error generating our error...","        ctx[\"throw\"](err.message, err.status);","      });","    }","  }]);","","  return KoaStrategy;","})(_Base3[\"default\"]);","","exports[\"default\"] = KoaStrategy;","module.exports = exports[\"default\"];"],"l":{"3":1,"5":1,"7":1,"9":1,"11":1,"13":1,"15":1,"19":1,"21":1,"23":1,"25":1,"27":1,"29":1,"52":1,"53":1,"55":1,"56":0,"58":0,"67":1,"70":0,"71":0,"72":0,"73":0,"74":0,"76":0,"77":0,"78":0,"79":0,"82":0,"83":0,"84":0,"87":0,"88":0,"90":0,"91":0,"92":0,"95":0,"96":0,"99":0,"100":0,"103":0,"104":0,"106":0,"110":0,"120":0,"121":0,"122":0,"123":0,"124":0,"126":0,"127":0,"128":0,"129":0,"132":0,"133":0,"134":0,"137":0,"138":0,"140":0,"141":0,"142":0,"145":0,"146":0,"149":0,"150":0,"153":0,"154":0,"156":0,"160":0,"168":0,"169":0,"172":0,"173":0,"174":0,"176":0,"179":0,"180":0,"182":0,"183":0,"186":0,"187":0,"204":0,"206":0,"207":0,"210":0,"215":1,"218":1,"219":1}},"/home/travis/build/npmtest/node-npmtest-json-api/node_modules/json-api/templates/ConditionalSection.js":{"path":"/home/travis/build/npmtest/node-npmtest-json-api/node_modules/json-api/templates/ConditionalSection.js","s":{"1":2,"2":0,"3":1,"4":0,"5":0,"6":0,"7":0,"8":0,"9":0,"10":0,"11":0,"12":0,"13":0,"14":0,"15":0,"16":0,"17":0,"18":0,"19":0,"20":0,"21":0,"22":0,"23":0,"24":0,"25":0,"26":0},"b":{"1":[0,0],"2":[0,0],"3":[0,0]},"f":{"1":0,"2":0,"3":0,"4":0,"5":0,"6":0,"7":0,"8":0},"fnMap":{"1":{"name":"(anonymous_1)","line":1,"loc":{"start":{"line":1,"column":2},"end":{"line":1,"column":13}}},"2":{"name":"(anonymous_2)","line":3,"loc":{"start":{"line":3,"column":28},"end":{"line":3,"column":38}}},"3":{"name":"a","line":3,"loc":{"start":{"line":3,"column":39},"end":{"line":3,"column":52}}},"4":{"name":"(anonymous_4)","line":3,"loc":{"start":{"line":3,"column":101},"end":{"line":3,"column":112}}},"5":{"name":"(anonymous_5)","line":3,"loc":{"start":{"line":3,"column":513},"end":{"line":3,"column":524}}},"6":{"name":"(anonymous_6)","line":3,"loc":{"start":{"line":3,"column":566},"end":{"line":3,"column":576}}},"7":{"name":"(anonymous_7)","line":3,"loc":{"start":{"line":3,"column":645},"end":{"line":3,"column":655}}},"8":{"name":"(anonymous_8)","line":5,"loc":{"start":{"line":5,"column":33},"end":{"line":5,"column":44}}}},"statementMap":{"1":{"start":{"line":1,"column":0},"end":{"line":9,"column":2}},"2":{"start":{"line":3,"column":2},"end":{"line":3,"column":1007}},"3":{"start":{"line":3,"column":39},"end":{"line":3,"column":489}},"4":{"start":{"line":3,"column":53},"end":{"line":3,"column":68}},"5":{"start":{"line":3,"column":68},"end":{"line":3,"column":85}},"6":{"start":{"line":3,"column":85},"end":{"line":3,"column":99}},"7":{"start":{"line":3,"column":99},"end":{"line":3,"column":138}},"8":{"start":{"line":3,"column":113},"end":{"line":3,"column":136}},"9":{"start":{"line":3,"column":138},"end":{"line":3,"column":189}},"10":{"start":{"line":3,"column":189},"end":{"line":3,"column":248}},"11":{"start":{"line":3,"column":248},"end":{"line":3,"column":299}},"12":{"start":{"line":3,"column":299},"end":{"line":3,"column":409}},"13":{"start":{"line":3,"column":409},"end":{"line":3,"column":488}},"14":{"start":{"line":3,"column":489},"end":{"line":3,"column":547}},"15":{"start":{"line":3,"column":525},"end":{"line":3,"column":545}},"16":{"start":{"line":3,"column":547},"end":{"line":3,"column":626}},"17":{"start":{"line":3,"column":577},"end":{"line":3,"column":604}},"18":{"start":{"line":3,"column":604},"end":{"line":3,"column":624}},"19":{"start":{"line":3,"column":626},"end":{"line":3,"column":830}},"20":{"start":{"line":3,"column":656},"end":{"line":3,"column":817}},"21":{"start":{"line":3,"column":817},"end":{"line":3,"column":828}},"22":{"start":{"line":3,"column":830},"end":{"line":3,"column":995}},"23":{"start":{"line":3,"column":995},"end":{"line":3,"column":1003}},"24":{"start":{"line":5,"column":2},"end":{"line":8,"column":5}},"25":{"start":{"line":6,"column":4},"end":{"line":6,"column":41}},"26":{"start":{"line":7,"column":4},"end":{"line":7,"column":15}}},"branchMap":{"1":{"line":3,"type":"binary-expr","locations":[{"start":{"line":3,"column":299},"end":{"line":3,"column":338}},{"start":{"line":3,"column":340},"end":{"line":3,"column":408}}]},"2":{"line":3,"type":"cond-expr","locations":[{"start":{"line":3,"column":442},"end":{"line":3,"column":465}},{"start":{"line":3,"column":466},"end":{"line":3,"column":488}}]},"3":{"line":3,"type":"cond-expr","locations":[{"start":{"line":3,"column":763},"end":{"line":3,"column":788}},{"start":{"line":3,"column":789},"end":{"line":3,"column":815}}]}},"code":["$(function() {","  //just the conditional section widget from https://github.com/ethanresnick/ConditionalSection","  var ConditionalSections = function(){function a(a){var b,c,d=this;this.container=a;b={that:this};c=function(a){return d.handleEvent(a)};this.toggle=a.find(\".\"+this.constants.classToggle);this.section=a.find(\".\"+this.constants.classSection).eq(0);this.isShown=0<this.toggle.find(\":checked\").length;0===this.toggle.find(\"input, a\").length&&this.toggle.contents().wrap('<a href=\"\" onclick=\"return false;\" />');this.toggle.find(\"input\").length?this.toggle.change(b,c):this.toggle.click(b,c)}a.prototype.handleEvent=function(a){return this.update()};a.prototype.update=function(){this.isShown=!this.isShown;return this.render()};a.prototype.render=function(){this.container.removeClass(this.constants.classHidden+\" \"+this.constants.classShown).addClass(this.isShown?this.constants.classShown:this.constants.classHidden);return null};a.prototype.constants={classContainer:\"conditional-section\",classHidden:\"condition-not-met\",classShown:\"condition-met\",classSection:\"contents\",classToggle:\"toggle\"};return a}();","","  $('.conditional-section').each(function() {","    x = new ConditionalSections($(this));","    x.render();","  });","})"],"l":{"1":2,"3":1,"5":0,"6":0,"7":0}}}